{"total": {"lines":{"total":334,"covered":330,"skipped":0,"pct":98.8},"statements":{"total":361,"covered":355,"skipped":0,"pct":98.33},"functions":{"total":73,"covered":73,"skipped":0,"pct":100},"branches":{"total":282,"covered":263,"skipped":0,"pct":93.26},"branchesTrue":{"total":0,"covered":0,"skipped":0,"pct":"Unknown"}}
,"C:\\Users\\moham\\Desktop\\juman\\backend-node\\src\\sales\\sales-transaction.service.ts": {"lines":{"total":183,"covered":179,"skipped":0,"pct":97.81},"functions":{"total":17,"covered":17,"skipped":0,"pct":100},"statements":{"total":202,"covered":196,"skipped":0,"pct":97.02},"branches":{"total":170,"covered":159,"skipped":0,"pct":93.52}}
,"C:\\Users\\moham\\Desktop\\juman\\backend-node\\src\\sales\\sales.constants.ts": {"lines":{"total":14,"covered":14,"skipped":0,"pct":100},"functions":{"total":0,"covered":0,"skipped":0,"pct":100},"statements":{"total":14,"covered":14,"skipped":0,"pct":100},"branches":{"total":0,"covered":0,"skipped":0,"pct":100}}
,"C:\\Users\\moham\\Desktop\\juman\\backend-node\\src\\sales\\sales.controller.ts": {"lines":{"total":9,"covered":9,"skipped":0,"pct":100},"functions":{"total":10,"covered":10,"skipped":0,"pct":100},"statements":{"total":9,"covered":9,"skipped":0,"pct":100},"branches":{"total":0,"covered":0,"skipped":0,"pct":100}}
,"C:\\Users\\moham\\Desktop\\juman\\backend-node\\src\\sales\\sales.mapper.ts": {"lines":{"total":4,"covered":4,"skipped":0,"pct":100},"functions":{"total":4,"covered":4,"skipped":0,"pct":100},"statements":{"total":4,"covered":4,"skipped":0,"pct":100},"branches":{"total":8,"covered":8,"skipped":0,"pct":100}}
,"C:\\Users\\moham\\Desktop\\juman\\backend-node\\src\\sales\\sales.repository.ts": {"lines":{"total":27,"covered":27,"skipped":0,"pct":100},"functions":{"total":16,"covered":16,"skipped":0,"pct":100},"statements":{"total":29,"covered":29,"skipped":0,"pct":100},"branches":{"total":33,"covered":28,"skipped":0,"pct":84.84}}
,"C:\\Users\\moham\\Desktop\\juman\\backend-node\\src\\sales\\sales.rules.ts": {"lines":{"total":10,"covered":10,"skipped":0,"pct":100},"functions":{"total":9,"covered":9,"skipped":0,"pct":100},"statements":{"total":10,"covered":10,"skipped":0,"pct":100},"branches":{"total":9,"covered":9,"skipped":0,"pct":100}}
,"C:\\Users\\moham\\Desktop\\juman\\backend-node\\src\\sales\\sales.service.ts": {"lines":{"total":87,"covered":87,"skipped":0,"pct":100},"functions":{"total":17,"covered":17,"skipped":0,"pct":100},"statements":{"total":93,"covered":93,"skipped":0,"pct":100},"branches":{"total":62,"covered":59,"skipped":0,"pct":95.16}}
}
