{"C:\\Users\\moham\\Desktop\\juman\\backend-node\\src\\sales\\sales-transaction.service.ts": {"path":"C:\\Users\\moham\\Desktop\\juman\\backend-node\\src\\sales\\sales-transaction.service.ts","statementMap":{"0":{"start":{"line":58,"column":21},"end":{"line":58,"column":42}},"1":{"start":{"line":59,"column":21},"end":{"line":59,"column":54}},"2":{"start":{"line":60,"column":21},"end":{"line":60,"column":48}},"3":{"start":{"line":61,"column":21},"end":{"line":61,"column":51}},"4":{"start":{"line":62,"column":21},"end":{"line":62,"column":44}},"5":{"start":{"line":63,"column":21},"end":{"line":63,"column":48}},"6":{"start":{"line":64,"column":21},"end":{"line":64,"column":40}},"7":{"start":{"line":70,"column":4},"end":{"line":70,"column":null}},"8":{"start":{"line":70,"column":24},"end":{"line":70,"column":null}},"9":{"start":{"line":71,"column":19},"end":{"line":71,"column":null}},"10":{"start":{"line":72,"column":4},"end":{"line":72,"column":null}},"11":{"start":{"line":80,"column":17},"end":{"line":80,"column":null}},"12":{"start":{"line":81,"column":4},"end":{"line":88,"column":null}},"13":{"start":{"line":82,"column":21},"end":{"line":84,"column":null}},"14":{"start":{"line":86,"column":6},"end":{"line":86,"column":null}},"15":{"start":{"line":86,"column":18},"end":{"line":86,"column":null}},"16":{"start":{"line":87,"column":6},"end":{"line":87,"column":null}},"17":{"start":{"line":89,"column":4},"end":{"line":93,"column":null}},"18":{"start":{"line":90,"column":6},"end":{"line":91,"column":null}},"19":{"start":{"line":94,"column":4},"end":{"line":96,"column":null}},"20":{"start":{"line":95,"column":6},"end":{"line":95,"column":null}},"21":{"start":{"line":98,"column":10},"end":{"line":102,"column":null}},"22":{"start":{"line":104,"column":6},"end":{"line":104,"column":62}},"23":{"start":{"line":106,"column":19},"end":{"line":195,"column":null}},"24":{"start":{"line":107,"column":20},"end":{"line":111,"column":null}},"25":{"start":{"line":112,"column":6},"end":{"line":112,"column":null}},"26":{"start":{"line":112,"column":35},"end":{"line":112,"column":null}},"27":{"start":{"line":114,"column":19},"end":{"line":114,"column":null}},"28":{"start":{"line":115,"column":6},"end":{"line":115,"column":null}},"29":{"start":{"line":115,"column":17},"end":{"line":115,"column":null}},"30":{"start":{"line":116,"column":6},"end":{"line":120,"column":null}},"31":{"start":{"line":117,"column":8},"end":{"line":118,"column":null}},"32":{"start":{"line":122,"column":6},"end":{"line":134,"column":null}},"33":{"start":{"line":123,"column":21},"end":{"line":125,"column":null}},"34":{"start":{"line":126,"column":8},"end":{"line":126,"column":null}},"35":{"start":{"line":126,"column":19},"end":{"line":126,"column":null}},"36":{"start":{"line":127,"column":8},"end":{"line":131,"column":null}},"37":{"start":{"line":133,"column":8},"end":{"line":133,"column":null}},"38":{"start":{"line":136,"column":6},"end":{"line":138,"column":null}},"39":{"start":{"line":137,"column":8},"end":{"line":137,"column":null}},"40":{"start":{"line":140,"column":32},"end":{"line":142,"column":null}},"41":{"start":{"line":145,"column":25},"end":{"line":154,"column":null}},"42":{"start":{"line":157,"column":6},"end":{"line":171,"column":null}},"43":{"start":{"line":158,"column":8},"end":{"line":169,"column":null}},"44":{"start":{"line":173,"column":22},"end":{"line":181,"column":null}},"45":{"start":{"line":182,"column":6},"end":{"line":184,"column":null}},"46":{"start":{"line":183,"column":8},"end":{"line":183,"column":null}},"47":{"start":{"line":186,"column":12},"end":{"line":186,"column":null}},"48":{"start":{"line":187,"column":6},"end":{"line":193,"column":null}},"49":{"start":{"line":194,"column":6},"end":{"line":194,"column":null}},"50":{"start":{"line":197,"column":4},"end":{"line":205,"column":null}},"51":{"start":{"line":207,"column":4},"end":{"line":207,"column":null}},"52":{"start":{"line":215,"column":17},"end":{"line":215,"column":null}},"53":{"start":{"line":216,"column":4},"end":{"line":223,"column":null}},"54":{"start":{"line":217,"column":21},"end":{"line":219,"column":null}},"55":{"start":{"line":221,"column":6},"end":{"line":221,"column":null}},"56":{"start":{"line":221,"column":18},"end":{"line":221,"column":null}},"57":{"start":{"line":222,"column":6},"end":{"line":222,"column":null}},"58":{"start":{"line":224,"column":4},"end":{"line":228,"column":null}},"59":{"start":{"line":225,"column":6},"end":{"line":226,"column":null}},"60":{"start":{"line":230,"column":10},"end":{"line":234,"column":null}},"61":{"start":{"line":236,"column":6},"end":{"line":236,"column":63}},"62":{"start":{"line":238,"column":19},"end":{"line":333,"column":null}},"63":{"start":{"line":239,"column":20},"end":{"line":243,"column":null}},"64":{"start":{"line":244,"column":6},"end":{"line":244,"column":null}},"65":{"start":{"line":244,"column":35},"end":{"line":244,"column":null}},"66":{"start":{"line":246,"column":19},"end":{"line":246,"column":null}},"67":{"start":{"line":247,"column":6},"end":{"line":247,"column":null}},"68":{"start":{"line":247,"column":17},"end":{"line":247,"column":null}},"69":{"start":{"line":248,"column":6},"end":{"line":252,"column":null}},"70":{"start":{"line":249,"column":8},"end":{"line":250,"column":null}},"71":{"start":{"line":254,"column":6},"end":{"line":256,"column":null}},"72":{"start":{"line":255,"column":8},"end":{"line":255,"column":null}},"73":{"start":{"line":258,"column":25},"end":{"line":258,"column":null}},"74":{"start":{"line":259,"column":6},"end":{"line":261,"column":null}},"75":{"start":{"line":260,"column":8},"end":{"line":260,"column":null}},"76":{"start":{"line":262,"column":6},"end":{"line":266,"column":null}},"77":{"start":{"line":263,"column":8},"end":{"line":264,"column":null}},"78":{"start":{"line":268,"column":6},"end":{"line":293,"column":null}},"79":{"start":{"line":269,"column":21},"end":{"line":271,"column":null}},"80":{"start":{"line":272,"column":8},"end":{"line":274,"column":null}},"81":{"start":{"line":273,"column":10},"end":{"line":273,"column":null}},"82":{"start":{"line":275,"column":8},"end":{"line":275,"column":null}},"83":{"start":{"line":276,"column":8},"end":{"line":280,"column":null}},"84":{"start":{"line":277,"column":10},"end":{"line":278,"column":null}},"85":{"start":{"line":281,"column":8},"end":{"line":291,"column":null}},"86":{"start":{"line":295,"column":6},"end":{"line":308,"column":null}},"87":{"start":{"line":296,"column":30},"end":{"line":296,"column":null}},"88":{"start":{"line":297,"column":8},"end":{"line":306,"column":null}},"89":{"start":{"line":310,"column":22},"end":{"line":319,"column":null}},"90":{"start":{"line":320,"column":6},"end":{"line":322,"column":null}},"91":{"start":{"line":321,"column":8},"end":{"line":321,"column":null}},"92":{"start":{"line":324,"column":12},"end":{"line":324,"column":null}},"93":{"start":{"line":325,"column":6},"end":{"line":331,"column":null}},"94":{"start":{"line":332,"column":6},"end":{"line":332,"column":null}},"95":{"start":{"line":335,"column":4},"end":{"line":343,"column":null}},"96":{"start":{"line":345,"column":4},"end":{"line":345,"column":null}},"97":{"start":{"line":354,"column":17},"end":{"line":354,"column":null}},"98":{"start":{"line":355,"column":4},"end":{"line":362,"column":null}},"99":{"start":{"line":356,"column":21},"end":{"line":358,"column":null}},"100":{"start":{"line":360,"column":6},"end":{"line":360,"column":null}},"101":{"start":{"line":360,"column":18},"end":{"line":360,"column":null}},"102":{"start":{"line":361,"column":6},"end":{"line":361,"column":null}},"103":{"start":{"line":363,"column":4},"end":{"line":367,"column":null}},"104":{"start":{"line":364,"column":6},"end":{"line":365,"column":null}},"105":{"start":{"line":369,"column":10},"end":{"line":372,"column":null}},"106":{"start":{"line":373,"column":20},"end":{"line":373,"column":69}},"107":{"start":{"line":375,"column":19},"end":{"line":445,"column":null}},"108":{"start":{"line":376,"column":20},"end":{"line":380,"column":null}},"109":{"start":{"line":381,"column":6},"end":{"line":381,"column":null}},"110":{"start":{"line":381,"column":35},"end":{"line":381,"column":null}},"111":{"start":{"line":383,"column":19},"end":{"line":383,"column":null}},"112":{"start":{"line":384,"column":6},"end":{"line":384,"column":null}},"113":{"start":{"line":384,"column":17},"end":{"line":384,"column":null}},"114":{"start":{"line":385,"column":6},"end":{"line":389,"column":null}},"115":{"start":{"line":386,"column":8},"end":{"line":387,"column":null}},"116":{"start":{"line":391,"column":6},"end":{"line":421,"column":null}},"117":{"start":{"line":392,"column":8},"end":{"line":396,"column":null}},"118":{"start":{"line":399,"column":8},"end":{"line":420,"column":null}},"119":{"start":{"line":400,"column":23},"end":{"line":402,"column":null}},"120":{"start":{"line":403,"column":10},"end":{"line":403,"column":null}},"121":{"start":{"line":403,"column":21},"end":{"line":403,"column":null}},"122":{"start":{"line":404,"column":10},"end":{"line":419,"column":null}},"123":{"start":{"line":405,"column":26},"end":{"line":405,"column":null}},"124":{"start":{"line":406,"column":12},"end":{"line":406,"column":null}},"125":{"start":{"line":406,"column":24},"end":{"line":406,"column":null}},"126":{"start":{"line":407,"column":12},"end":{"line":417,"column":null}},"127":{"start":{"line":423,"column":22},"end":{"line":431,"column":null}},"128":{"start":{"line":432,"column":6},"end":{"line":434,"column":null}},"129":{"start":{"line":433,"column":8},"end":{"line":433,"column":null}},"130":{"start":{"line":436,"column":12},"end":{"line":436,"column":null}},"131":{"start":{"line":437,"column":6},"end":{"line":443,"column":null}},"132":{"start":{"line":444,"column":6},"end":{"line":444,"column":null}},"133":{"start":{"line":447,"column":4},"end":{"line":455,"column":null}},"134":{"start":{"line":457,"column":4},"end":{"line":457,"column":null}},"135":{"start":{"line":465,"column":17},"end":{"line":465,"column":null}},"136":{"start":{"line":466,"column":4},"end":{"line":470,"column":null}},"137":{"start":{"line":467,"column":6},"end":{"line":468,"column":null}},"138":{"start":{"line":472,"column":10},"end":{"line":477,"column":null}},"139":{"start":{"line":479,"column":6},"end":{"line":479,"column":78}},"140":{"start":{"line":481,"column":4},"end":{"line":529,"column":null}},"141":{"start":{"line":482,"column":20},"end":{"line":486,"column":null}},"142":{"start":{"line":487,"column":6},"end":{"line":487,"column":null}},"143":{"start":{"line":487,"column":35},"end":{"line":487,"column":null}},"144":{"start":{"line":489,"column":19},"end":{"line":489,"column":null}},"145":{"start":{"line":490,"column":6},"end":{"line":494,"column":null}},"146":{"start":{"line":491,"column":8},"end":{"line":492,"column":null}},"147":{"start":{"line":495,"column":25},"end":{"line":495,"column":null}},"148":{"start":{"line":496,"column":6},"end":{"line":498,"column":null}},"149":{"start":{"line":497,"column":8},"end":{"line":497,"column":null}},"150":{"start":{"line":499,"column":6},"end":{"line":506,"column":null}},"151":{"start":{"line":503,"column":8},"end":{"line":504,"column":null}},"152":{"start":{"line":508,"column":28},"end":{"line":508,"column":null}},"153":{"start":{"line":509,"column":6},"end":{"line":518,"column":null}},"154":{"start":{"line":521,"column":6},"end":{"line":527,"column":null}},"155":{"start":{"line":528,"column":6},"end":{"line":528,"column":null}},"156":{"start":{"line":531,"column":20},"end":{"line":531,"column":null}},"157":{"start":{"line":532,"column":4},"end":{"line":532,"column":null}},"158":{"start":{"line":544,"column":17},"end":{"line":546,"column":null}},"159":{"start":{"line":547,"column":4},"end":{"line":549,"column":null}},"160":{"start":{"line":548,"column":6},"end":{"line":548,"column":null}},"161":{"start":{"line":550,"column":4},"end":{"line":560,"column":null}},"162":{"start":{"line":557,"column":6},"end":{"line":558,"column":null}},"163":{"start":{"line":562,"column":27},"end":{"line":571,"column":null}},"164":{"start":{"line":572,"column":4},"end":{"line":576,"column":null}},"165":{"start":{"line":573,"column":6},"end":{"line":574,"column":null}},"166":{"start":{"line":578,"column":4},"end":{"line":592,"column":null}},"167":{"start":{"line":579,"column":6},"end":{"line":589,"column":null}},"168":{"start":{"line":591,"column":6},"end":{"line":591,"column":null}},"169":{"start":{"line":595,"column":4},"end":{"line":595,"column":null}},"170":{"start":{"line":603,"column":18},"end":{"line":603,"column":null}},"171":{"start":{"line":604,"column":4},"end":{"line":608,"column":null}},"172":{"start":{"line":605,"column":6},"end":{"line":606,"column":null}},"173":{"start":{"line":616,"column":19},"end":{"line":622,"column":null}},"174":{"start":{"line":623,"column":4},"end":{"line":625,"column":null}},"175":{"start":{"line":635,"column":17},"end":{"line":637,"column":null}},"176":{"start":{"line":638,"column":4},"end":{"line":638,"column":null}},"177":{"start":{"line":638,"column":15},"end":{"line":638,"column":null}},"178":{"start":{"line":639,"column":4},"end":{"line":639,"column":null}},"179":{"start":{"line":640,"column":23},"end":{"line":640,"column":null}},"180":{"start":{"line":641,"column":4},"end":{"line":648,"column":null}},"181":{"start":{"line":642,"column":6},"end":{"line":646,"column":null}},"182":{"start":{"line":656,"column":4},"end":{"line":656,"column":null}},"183":{"start":{"line":656,"column":24},"end":{"line":656,"column":null}},"184":{"start":{"line":657,"column":21},"end":{"line":659,"column":null}},"185":{"start":{"line":660,"column":4},"end":{"line":660,"column":null}},"186":{"start":{"line":660,"column":41},"end":{"line":660,"column":null}},"187":{"start":{"line":661,"column":4},"end":{"line":667,"column":null}},"188":{"start":{"line":662,"column":6},"end":{"line":665,"column":null}},"189":{"start":{"line":666,"column":6},"end":{"line":666,"column":null}},"190":{"start":{"line":668,"column":10},"end":{"line":668,"column":null}},"191":{"start":{"line":669,"column":4},"end":{"line":687,"column":null}},"192":{"start":{"line":670,"column":22},"end":{"line":679,"column":null}},"193":{"start":{"line":680,"column":6},"end":{"line":680,"column":null}},"194":{"start":{"line":682,"column":20},"end":{"line":684,"column":null}},"195":{"start":{"line":685,"column":6},"end":{"line":685,"column":null}},"196":{"start":{"line":685,"column":37},"end":{"line":685,"column":null}},"197":{"start":{"line":686,"column":6},"end":{"line":686,"column":null}},"198":{"start":{"line":691,"column":16},"end":{"line":691,"column":null}},"199":{"start":{"line":692,"column":4},"end":{"line":692,"column":null}},"200":{"start":{"line":692,"column":14},"end":{"line":692,"column":null}},"201":{"start":{"line":693,"column":4},"end":{"line":693,"column":null}}},"fnMap":{"0":{"name":"_ts_decorate","decl":{"start":{"line":42,"column":0},"end":{"line":42,"column":null}},"loc":{"start":{"line":42,"column":0},"end":{"line":42,"column":null}},"line":42},"1":{"name":"constructor","decl":{"start":{"line":57,"column":2},"end":{"line":57,"column":null}},"loc":{"start":{"line":65,"column":4},"end":{"line":65,"column":null}},"line":65},"2":{"name":"resolveFinanceCustomerId","decl":{"start":{"line":67,"column":8},"end":{"line":67,"column":null}},"loc":{"start":{"line":69,"column":21},"end":{"line":73,"column":null}},"line":69},"3":{"name":"confirm","decl":{"start":{"line":75,"column":8},"end":{"line":75,"column":null}},"loc":{"start":{"line":79,"column":25},"end":{"line":208,"column":null}},"line":79},"4":{"name":"(anonymous_4)","decl":{"start":{"line":106,"column":56},"end":{"line":106,"column":63}},"loc":{"start":{"line":106,"column":63},"end":{"line":195,"column":null}},"line":106},"5":{"name":"complete","decl":{"start":{"line":210,"column":8},"end":{"line":210,"column":null}},"loc":{"start":{"line":214,"column":25},"end":{"line":346,"column":null}},"line":214},"6":{"name":"(anonymous_6)","decl":{"start":{"line":238,"column":56},"end":{"line":238,"column":63}},"loc":{"start":{"line":238,"column":63},"end":{"line":333,"column":null}},"line":238},"7":{"name":"cancel","decl":{"start":{"line":348,"column":8},"end":{"line":348,"column":null}},"loc":{"start":{"line":353,"column":25},"end":{"line":458,"column":null}},"line":353},"8":{"name":"(anonymous_8)","decl":{"start":{"line":375,"column":56},"end":{"line":375,"column":63}},"loc":{"start":{"line":375,"column":63},"end":{"line":445,"column":null}},"line":375},"9":{"name":"payment","decl":{"start":{"line":460,"column":8},"end":{"line":460,"column":null}},"loc":{"start":{"line":464,"column":25},"end":{"line":533,"column":null}},"line":464},"10":{"name":"(anonymous_10)","decl":{"start":{"line":481,"column":41},"end":{"line":481,"column":48}},"loc":{"start":{"line":481,"column":48},"end":{"line":529,"column":null}},"line":481},"11":{"name":"assertAndHoldItemForSale","decl":{"start":{"line":538,"column":16},"end":{"line":538,"column":null}},"loc":{"start":{"line":543,"column":19},"end":{"line":596,"column":null}},"line":543},"12":{"name":"assertHoldOwnedBySale","decl":{"start":{"line":598,"column":16},"end":{"line":598,"column":null}},"loc":{"start":{"line":602,"column":19},"end":{"line":609,"column":null}},"line":602},"13":{"name":"isHoldOwnedBySale","decl":{"start":{"line":611,"column":16},"end":{"line":611,"column":null}},"loc":{"start":{"line":615,"column":22},"end":{"line":627,"column":null}},"line":615},"14":{"name":"reassignCustomerInTx","decl":{"start":{"line":629,"column":16},"end":{"line":629,"column":null}},"loc":{"start":{"line":634,"column":4},"end":{"line":649,"column":null}},"line":634},"15":{"name":"resolveFinanceCustomerIdInTx","decl":{"start":{"line":652,"column":16},"end":{"line":652,"column":null}},"loc":{"start":{"line":655,"column":21},"end":{"line":688,"column":null}},"line":655},"16":{"name":"requireLive","decl":{"start":{"line":690,"column":16},"end":{"line":690,"column":28}},"loc":{"start":{"line":690,"column":68},"end":{"line":694,"column":null}},"line":690}},"branchMap":{"0":{"loc":{"start":{"line":70,"column":4},"end":{"line":70,"column":null}},"type":"if","locations":[{"start":{"line":70,"column":4},"end":{"line":70,"column":null}},{"start":{},"end":{}}],"line":70},"1":{"loc":{"start":{"line":81,"column":4},"end":{"line":88,"column":null}},"type":"if","locations":[{"start":{"line":81,"column":4},"end":{"line":88,"column":null}},{"start":{},"end":{}}],"line":81},"2":{"loc":{"start":{"line":81,"column":8},"end":{"line":81,"column":86}},"type":"binary-expr","locations":[{"start":{"line":81,"column":8},"end":{"line":81,"column":45}},{"start":{"line":81,"column":49},"end":{"line":81,"column":86}}],"line":81},"3":{"loc":{"start":{"line":84,"column":8},"end":{"line":84,"column":64}},"type":"binary-expr","locations":[{"start":{"line":84,"column":8},"end":{"line":84,"column":40}},{"start":{"line":84,"column":40},"end":{"line":84,"column":64}}],"line":84},"4":{"loc":{"start":{"line":86,"column":6},"end":{"line":86,"column":null}},"type":"if","locations":[{"start":{"line":86,"column":6},"end":{"line":86,"column":null}},{"start":{},"end":{}}],"line":86},"5":{"loc":{"start":{"line":89,"column":4},"end":{"line":93,"column":null}},"type":"if","locations":[{"start":{"line":89,"column":4},"end":{"line":93,"column":null}},{"start":{},"end":{}}],"line":89},"6":{"loc":{"start":{"line":94,"column":4},"end":{"line":96,"column":null}},"type":"if","locations":[{"start":{"line":94,"column":4},"end":{"line":96,"column":null}},{"start":{},"end":{}}],"line":94},"7":{"loc":{"start":{"line":100,"column":18},"end":{"line":100,"column":53}},"type":"binary-expr","locations":[{"start":{"line":100,"column":18},"end":{"line":100,"column":38}},{"start":{"line":100,"column":38},"end":{"line":100,"column":53}}],"line":100},"8":{"loc":{"start":{"line":101,"column":14},"end":{"line":101,"column":null}},"type":"binary-expr","locations":[{"start":{"line":101,"column":14},"end":{"line":101,"column":30}},{"start":{"line":101,"column":30},"end":{"line":101,"column":null}}],"line":101},"9":{"loc":{"start":{"line":104,"column":6},"end":{"line":104,"column":62}},"type":"binary-expr","locations":[{"start":{"line":104,"column":6},"end":{"line":104,"column":38}},{"start":{"line":104,"column":38},"end":{"line":104,"column":62}}],"line":104},"10":{"loc":{"start":{"line":112,"column":6},"end":{"line":112,"column":null}},"type":"if","locations":[{"start":{"line":112,"column":6},"end":{"line":112,"column":null}},{"start":{},"end":{}}],"line":112},"11":{"loc":{"start":{"line":115,"column":6},"end":{"line":115,"column":null}},"type":"if","locations":[{"start":{"line":115,"column":6},"end":{"line":115,"column":null}},{"start":{},"end":{}}],"line":115},"12":{"loc":{"start":{"line":116,"column":6},"end":{"line":120,"column":null}},"type":"if","locations":[{"start":{"line":116,"column":6},"end":{"line":120,"column":null}},{"start":{},"end":{}}],"line":116},"13":{"loc":{"start":{"line":122,"column":6},"end":{"line":134,"column":null}},"type":"if","locations":[{"start":{"line":122,"column":6},"end":{"line":134,"column":null}},{"start":{},"end":{}}],"line":122},"14":{"loc":{"start":{"line":126,"column":8},"end":{"line":126,"column":null}},"type":"if","locations":[{"start":{"line":126,"column":8},"end":{"line":126,"column":null}},{"start":{},"end":{}}],"line":126},"15":{"loc":{"start":{"line":157,"column":6},"end":{"line":171,"column":null}},"type":"if","locations":[{"start":{"line":157,"column":6},"end":{"line":171,"column":null}},{"start":{},"end":{}}],"line":157},"16":{"loc":{"start":{"line":178,"column":16},"end":{"line":178,"column":null}},"type":"binary-expr","locations":[{"start":{"line":178,"column":16},"end":{"line":178,"column":40}},{"start":{"line":178,"column":40},"end":{"line":178,"column":null}}],"line":178},"17":{"loc":{"start":{"line":179,"column":16},"end":{"line":179,"column":null}},"type":"binary-expr","locations":[{"start":{"line":179,"column":16},"end":{"line":179,"column":33}},{"start":{"line":179,"column":33},"end":{"line":179,"column":null}}],"line":179},"18":{"loc":{"start":{"line":180,"column":18},"end":{"line":180,"column":null}},"type":"binary-expr","locations":[{"start":{"line":180,"column":18},"end":{"line":180,"column":37}},{"start":{"line":180,"column":37},"end":{"line":180,"column":null}}],"line":180},"19":{"loc":{"start":{"line":182,"column":6},"end":{"line":184,"column":null}},"type":"if","locations":[{"start":{"line":182,"column":6},"end":{"line":184,"column":null}},{"start":{},"end":{}}],"line":182},"20":{"loc":{"start":{"line":216,"column":4},"end":{"line":223,"column":null}},"type":"if","locations":[{"start":{"line":216,"column":4},"end":{"line":223,"column":null}},{"start":{},"end":{}}],"line":216},"21":{"loc":{"start":{"line":219,"column":8},"end":{"line":219,"column":65}},"type":"binary-expr","locations":[{"start":{"line":219,"column":8},"end":{"line":219,"column":40}},{"start":{"line":219,"column":40},"end":{"line":219,"column":65}}],"line":219},"22":{"loc":{"start":{"line":221,"column":6},"end":{"line":221,"column":null}},"type":"if","locations":[{"start":{"line":221,"column":6},"end":{"line":221,"column":null}},{"start":{},"end":{}}],"line":221},"23":{"loc":{"start":{"line":224,"column":4},"end":{"line":228,"column":null}},"type":"if","locations":[{"start":{"line":224,"column":4},"end":{"line":228,"column":null}},{"start":{},"end":{}}],"line":224},"24":{"loc":{"start":{"line":232,"column":25},"end":{"line":232,"column":null}},"type":"binary-expr","locations":[{"start":{"line":232,"column":25},"end":{"line":232,"column":52}},{"start":{"line":232,"column":52},"end":{"line":232,"column":null}}],"line":232},"25":{"loc":{"start":{"line":233,"column":18},"end":{"line":233,"column":null}},"type":"binary-expr","locations":[{"start":{"line":233,"column":18},"end":{"line":233,"column":38}},{"start":{"line":233,"column":38},"end":{"line":233,"column":null}}],"line":233},"26":{"loc":{"start":{"line":236,"column":6},"end":{"line":236,"column":63}},"type":"binary-expr","locations":[{"start":{"line":236,"column":6},"end":{"line":236,"column":38}},{"start":{"line":236,"column":38},"end":{"line":236,"column":63}}],"line":236},"27":{"loc":{"start":{"line":244,"column":6},"end":{"line":244,"column":null}},"type":"if","locations":[{"start":{"line":244,"column":6},"end":{"line":244,"column":null}},{"start":{},"end":{}}],"line":244},"28":{"loc":{"start":{"line":247,"column":6},"end":{"line":247,"column":null}},"type":"if","locations":[{"start":{"line":247,"column":6},"end":{"line":247,"column":null}},{"start":{},"end":{}}],"line":247},"29":{"loc":{"start":{"line":248,"column":6},"end":{"line":252,"column":null}},"type":"if","locations":[{"start":{"line":248,"column":6},"end":{"line":252,"column":null}},{"start":{},"end":{}}],"line":248},"30":{"loc":{"start":{"line":254,"column":6},"end":{"line":256,"column":null}},"type":"if","locations":[{"start":{"line":254,"column":6},"end":{"line":256,"column":null}},{"start":{},"end":{}}],"line":254},"31":{"loc":{"start":{"line":254,"column":10},"end":{"line":254,"column":65}},"type":"binary-expr","locations":[{"start":{"line":254,"column":10},"end":{"line":254,"column":30}},{"start":{"line":254,"column":30},"end":{"line":254,"column":65}}],"line":254},"32":{"loc":{"start":{"line":259,"column":6},"end":{"line":261,"column":null}},"type":"if","locations":[{"start":{"line":259,"column":6},"end":{"line":261,"column":null}},{"start":{},"end":{}}],"line":259},"33":{"loc":{"start":{"line":262,"column":6},"end":{"line":266,"column":null}},"type":"if","locations":[{"start":{"line":262,"column":6},"end":{"line":266,"column":null}},{"start":{},"end":{}}],"line":262},"34":{"loc":{"start":{"line":272,"column":8},"end":{"line":274,"column":null}},"type":"if","locations":[{"start":{"line":272,"column":8},"end":{"line":274,"column":null}},{"start":{},"end":{}}],"line":272},"35":{"loc":{"start":{"line":276,"column":8},"end":{"line":280,"column":null}},"type":"if","locations":[{"start":{"line":276,"column":8},"end":{"line":280,"column":null}},{"start":{},"end":{}}],"line":276},"36":{"loc":{"start":{"line":295,"column":6},"end":{"line":308,"column":null}},"type":"if","locations":[{"start":{"line":295,"column":6},"end":{"line":308,"column":null}},{"start":{},"end":{}}],"line":295},"37":{"loc":{"start":{"line":295,"column":10},"end":{"line":295,"column":65}},"type":"binary-expr","locations":[{"start":{"line":295,"column":10},"end":{"line":295,"column":37}},{"start":{"line":295,"column":37},"end":{"line":295,"column":65}}],"line":295},"38":{"loc":{"start":{"line":315,"column":16},"end":{"line":315,"column":null}},"type":"binary-expr","locations":[{"start":{"line":315,"column":16},"end":{"line":315,"column":40}},{"start":{"line":315,"column":40},"end":{"line":315,"column":null}}],"line":315},"39":{"loc":{"start":{"line":316,"column":16},"end":{"line":316,"column":null}},"type":"binary-expr","locations":[{"start":{"line":316,"column":16},"end":{"line":316,"column":33}},{"start":{"line":316,"column":33},"end":{"line":316,"column":null}}],"line":316},"40":{"loc":{"start":{"line":317,"column":18},"end":{"line":317,"column":null}},"type":"binary-expr","locations":[{"start":{"line":317,"column":18},"end":{"line":317,"column":37}},{"start":{"line":317,"column":37},"end":{"line":317,"column":null}}],"line":317},"41":{"loc":{"start":{"line":320,"column":6},"end":{"line":322,"column":null}},"type":"if","locations":[{"start":{"line":320,"column":6},"end":{"line":322,"column":null}},{"start":{},"end":{}}],"line":320},"42":{"loc":{"start":{"line":355,"column":4},"end":{"line":362,"column":null}},"type":"if","locations":[{"start":{"line":355,"column":4},"end":{"line":362,"column":null}},{"start":{},"end":{}}],"line":355},"43":{"loc":{"start":{"line":358,"column":8},"end":{"line":358,"column":57}},"type":"binary-expr","locations":[{"start":{"line":358,"column":8},"end":{"line":358,"column":34}},{"start":{"line":358,"column":34},"end":{"line":358,"column":57}}],"line":358},"44":{"loc":{"start":{"line":360,"column":6},"end":{"line":360,"column":null}},"type":"if","locations":[{"start":{"line":360,"column":6},"end":{"line":360,"column":null}},{"start":{},"end":{}}],"line":360},"45":{"loc":{"start":{"line":363,"column":4},"end":{"line":367,"column":null}},"type":"if","locations":[{"start":{"line":363,"column":4},"end":{"line":367,"column":null}},{"start":{},"end":{}}],"line":363},"46":{"loc":{"start":{"line":371,"column":14},"end":{"line":371,"column":null}},"type":"binary-expr","locations":[{"start":{"line":371,"column":14},"end":{"line":371,"column":24}},{"start":{"line":371,"column":24},"end":{"line":371,"column":null}}],"line":371},"47":{"loc":{"start":{"line":373,"column":20},"end":{"line":373,"column":69}},"type":"binary-expr","locations":[{"start":{"line":373,"column":20},"end":{"line":373,"column":46}},{"start":{"line":373,"column":46},"end":{"line":373,"column":69}}],"line":373},"48":{"loc":{"start":{"line":381,"column":6},"end":{"line":381,"column":null}},"type":"if","locations":[{"start":{"line":381,"column":6},"end":{"line":381,"column":null}},{"start":{},"end":{}}],"line":381},"49":{"loc":{"start":{"line":384,"column":6},"end":{"line":384,"column":null}},"type":"if","locations":[{"start":{"line":384,"column":6},"end":{"line":384,"column":null}},{"start":{},"end":{}}],"line":384},"50":{"loc":{"start":{"line":385,"column":6},"end":{"line":389,"column":null}},"type":"if","locations":[{"start":{"line":385,"column":6},"end":{"line":389,"column":null}},{"start":{},"end":{}}],"line":385},"51":{"loc":{"start":{"line":391,"column":6},"end":{"line":421,"column":null}},"type":"if","locations":[{"start":{"line":391,"column":6},"end":{"line":421,"column":null}},{"start":{},"end":{}}],"line":391},"52":{"loc":{"start":{"line":403,"column":10},"end":{"line":403,"column":null}},"type":"if","locations":[{"start":{"line":403,"column":10},"end":{"line":403,"column":null}},{"start":{},"end":{}}],"line":403},"53":{"loc":{"start":{"line":404,"column":10},"end":{"line":419,"column":null}},"type":"if","locations":[{"start":{"line":404,"column":10},"end":{"line":419,"column":null}},{"start":{},"end":{}}],"line":404},"54":{"loc":{"start":{"line":406,"column":12},"end":{"line":406,"column":null}},"type":"if","locations":[{"start":{"line":406,"column":12},"end":{"line":406,"column":null}},{"start":{},"end":{}}],"line":406},"55":{"loc":{"start":{"line":428,"column":16},"end":{"line":428,"column":null}},"type":"binary-expr","locations":[{"start":{"line":428,"column":16},"end":{"line":428,"column":34}},{"start":{"line":428,"column":34},"end":{"line":428,"column":null}}],"line":428},"56":{"loc":{"start":{"line":429,"column":16},"end":{"line":429,"column":null}},"type":"binary-expr","locations":[{"start":{"line":429,"column":16},"end":{"line":429,"column":33}},{"start":{"line":429,"column":33},"end":{"line":429,"column":null}}],"line":429},"57":{"loc":{"start":{"line":430,"column":18},"end":{"line":430,"column":null}},"type":"binary-expr","locations":[{"start":{"line":430,"column":18},"end":{"line":430,"column":37}},{"start":{"line":430,"column":37},"end":{"line":430,"column":null}}],"line":430},"58":{"loc":{"start":{"line":432,"column":6},"end":{"line":434,"column":null}},"type":"if","locations":[{"start":{"line":432,"column":6},"end":{"line":434,"column":null}},{"start":{},"end":{}}],"line":432},"59":{"loc":{"start":{"line":466,"column":4},"end":{"line":470,"column":null}},"type":"if","locations":[{"start":{"line":466,"column":4},"end":{"line":470,"column":null}},{"start":{},"end":{}}],"line":466},"60":{"loc":{"start":{"line":475,"column":14},"end":{"line":475,"column":null}},"type":"binary-expr","locations":[{"start":{"line":475,"column":14},"end":{"line":475,"column":24}},{"start":{"line":475,"column":28},"end":{"line":475,"column":null}}],"line":475},"61":{"loc":{"start":{"line":476,"column":13},"end":{"line":476,"column":null}},"type":"binary-expr","locations":[{"start":{"line":476,"column":13},"end":{"line":476,"column":22}},{"start":{"line":476,"column":26},"end":{"line":476,"column":null}}],"line":476},"62":{"loc":{"start":{"line":479,"column":6},"end":{"line":479,"column":78}},"type":"binary-expr","locations":[{"start":{"line":479,"column":6},"end":{"line":479,"column":36}},{"start":{"line":479,"column":36},"end":{"line":479,"column":78}}],"line":479},"63":{"loc":{"start":{"line":487,"column":6},"end":{"line":487,"column":null}},"type":"if","locations":[{"start":{"line":487,"column":6},"end":{"line":487,"column":null}},{"start":{},"end":{}}],"line":487},"64":{"loc":{"start":{"line":490,"column":6},"end":{"line":494,"column":null}},"type":"if","locations":[{"start":{"line":490,"column":6},"end":{"line":494,"column":null}},{"start":{},"end":{}}],"line":490},"65":{"loc":{"start":{"line":490,"column":10},"end":{"line":490,"column":41}},"type":"binary-expr","locations":[{"start":{"line":490,"column":10},"end":{"line":490,"column":19}},{"start":{"line":490,"column":19},"end":{"line":490,"column":41}}],"line":490},"66":{"loc":{"start":{"line":492,"column":39},"end":{"line":492,"column":66}},"type":"binary-expr","locations":[{"start":{"line":492,"column":39},"end":{"line":492,"column":55}},{"start":{"line":492,"column":55},"end":{"line":492,"column":66}}],"line":492},"67":{"loc":{"start":{"line":496,"column":6},"end":{"line":498,"column":null}},"type":"if","locations":[{"start":{"line":496,"column":6},"end":{"line":498,"column":null}},{"start":{},"end":{}}],"line":496},"68":{"loc":{"start":{"line":499,"column":6},"end":{"line":506,"column":null}},"type":"if","locations":[{"start":{"line":499,"column":6},"end":{"line":506,"column":null}},{"start":{},"end":{}}],"line":499},"69":{"loc":{"start":{"line":500,"column":8},"end":{"line":501,"column":54}},"type":"binary-expr","locations":[{"start":{"line":500,"column":8},"end":{"line":500,"column":57}},{"start":{"line":501,"column":8},"end":{"line":501,"column":54}}],"line":500},"70":{"loc":{"start":{"line":547,"column":4},"end":{"line":549,"column":null}},"type":"if","locations":[{"start":{"line":547,"column":4},"end":{"line":549,"column":null}},{"start":{},"end":{}}],"line":547},"71":{"loc":{"start":{"line":550,"column":4},"end":{"line":560,"column":null}},"type":"if","locations":[{"start":{"line":550,"column":4},"end":{"line":560,"column":null}},{"start":{},"end":{}}],"line":550},"72":{"loc":{"start":{"line":572,"column":4},"end":{"line":576,"column":null}},"type":"if","locations":[{"start":{"line":572,"column":4},"end":{"line":576,"column":null}},{"start":{},"end":{}}],"line":572},"73":{"loc":{"start":{"line":578,"column":4},"end":{"line":592,"column":null}},"type":"if","locations":[{"start":{"line":578,"column":4},"end":{"line":592,"column":null}},{"start":{},"end":{}}],"line":578},"74":{"loc":{"start":{"line":604,"column":4},"end":{"line":608,"column":null}},"type":"if","locations":[{"start":{"line":604,"column":4},"end":{"line":608,"column":null}},{"start":{},"end":{}}],"line":604},"75":{"loc":{"start":{"line":624,"column":6},"end":{"line":625,"column":null}},"type":"binary-expr","locations":[{"start":{"line":624,"column":6},"end":{"line":624,"column":null}},{"start":{"line":625,"column":6},"end":{"line":625,"column":null}}],"line":624},"76":{"loc":{"start":{"line":638,"column":4},"end":{"line":638,"column":null}},"type":"if","locations":[{"start":{"line":638,"column":4},"end":{"line":638,"column":null}},{"start":{},"end":{}}],"line":638},"77":{"loc":{"start":{"line":641,"column":4},"end":{"line":648,"column":null}},"type":"if","locations":[{"start":{"line":641,"column":4},"end":{"line":648,"column":null}},{"start":{},"end":{}}],"line":641},"78":{"loc":{"start":{"line":656,"column":4},"end":{"line":656,"column":null}},"type":"if","locations":[{"start":{"line":656,"column":4},"end":{"line":656,"column":null}},{"start":{},"end":{}}],"line":656},"79":{"loc":{"start":{"line":660,"column":4},"end":{"line":660,"column":null}},"type":"if","locations":[{"start":{"line":660,"column":4},"end":{"line":660,"column":null}},{"start":{},"end":{}}],"line":660},"80":{"loc":{"start":{"line":660,"column":8},"end":{"line":660,"column":39}},"type":"binary-expr","locations":[{"start":{"line":660,"column":8},"end":{"line":660,"column":20}},{"start":{"line":660,"column":20},"end":{"line":660,"column":39}}],"line":660},"81":{"loc":{"start":{"line":661,"column":4},"end":{"line":667,"column":null}},"type":"if","locations":[{"start":{"line":661,"column":4},"end":{"line":667,"column":null}},{"start":{},"end":{}}],"line":661},"82":{"loc":{"start":{"line":685,"column":6},"end":{"line":685,"column":null}},"type":"if","locations":[{"start":{"line":685,"column":6},"end":{"line":685,"column":null}},{"start":{},"end":{}}],"line":685},"83":{"loc":{"start":{"line":685,"column":10},"end":{"line":685,"column":35}},"type":"binary-expr","locations":[{"start":{"line":685,"column":10},"end":{"line":685,"column":19}},{"start":{"line":685,"column":19},"end":{"line":685,"column":35}}],"line":685},"84":{"loc":{"start":{"line":692,"column":4},"end":{"line":692,"column":null}},"type":"if","locations":[{"start":{"line":692,"column":4},"end":{"line":692,"column":null}},{"start":{},"end":{}}],"line":692}},"s":{"0":27,"1":27,"2":27,"3":27,"4":27,"5":27,"6":27,"7":2,"8":1,"9":1,"10":1,"11":140,"12":139,"13":4,"14":4,"15":3,"16":1,"17":135,"18":1,"19":134,"20":0,"21":134,"22":140,"23":140,"24":134,"25":134,"26":1,"27":133,"28":133,"29":1,"30":132,"31":3,"32":129,"33":2,"34":2,"35":1,"36":1,"37":1,"38":128,"39":128,"40":123,"41":122,"42":122,"43":122,"44":121,"45":121,"46":1,"47":120,"48":120,"49":120,"50":121,"51":121,"52":18,"53":18,"54":1,"55":1,"56":1,"57":0,"58":17,"59":1,"60":16,"61":18,"62":18,"63":16,"64":16,"65":0,"66":16,"67":16,"68":1,"69":15,"70":1,"71":14,"72":5,"73":11,"74":11,"75":1,"76":10,"77":2,"78":8,"79":8,"80":8,"81":1,"82":7,"83":7,"84":1,"85":6,"86":6,"87":3,"88":3,"89":6,"90":6,"91":1,"92":5,"93":5,"94":5,"95":5,"96":5,"97":17,"98":17,"99":2,"100":2,"101":1,"102":1,"103":15,"104":3,"105":12,"106":17,"107":17,"108":12,"109":12,"110":0,"111":12,"112":12,"113":1,"114":11,"115":1,"116":10,"117":8,"118":7,"119":7,"120":7,"121":1,"122":6,"123":6,"124":6,"125":1,"126":5,"127":9,"128":9,"129":1,"130":8,"131":8,"132":8,"133":8,"134":8,"135":9,"136":9,"137":3,"138":6,"139":9,"140":9,"141":6,"142":6,"143":1,"144":5,"145":5,"146":1,"147":4,"148":4,"149":0,"150":4,"151":0,"152":4,"153":4,"154":4,"155":4,"156":5,"157":5,"158":128,"159":128,"160":1,"161":127,"162":1,"163":126,"164":126,"165":2,"166":124,"167":122,"168":122,"169":2,"170":9,"171":9,"172":1,"173":15,"174":15,"175":5,"176":5,"177":1,"178":4,"179":4,"180":4,"181":4,"182":123,"183":2,"184":121,"185":121,"186":117,"187":4,"188":1,"189":1,"190":3,"191":3,"192":3,"193":1,"194":2,"195":2,"196":1,"197":1,"198":189,"199":189,"200":1,"201":188},"f":{"0":4,"1":27,"2":2,"3":140,"4":134,"5":18,"6":16,"7":17,"8":12,"9":9,"10":6,"11":128,"12":9,"13":15,"14":5,"15":123,"16":189},"b":{"0":[1,1],"1":[4,135],"2":[139,135],"3":[4,1],"4":[3,1],"5":[1,134],"6":[0,134],"7":[134,132],"8":[140,134],"9":[140,125],"10":[1,133],"11":[1,132],"12":[3,129],"13":[2,127],"14":[1,1],"15":[122,0],"16":[121,121],"17":[134,7],"18":[134,7],"19":[1,120],"20":[1,17],"21":[1,0],"22":[1,0],"23":[1,16],"24":[16,13],"25":[18,11],"26":[18,15],"27":[0,16],"28":[1,15],"29":[1,14],"30":[5,9],"31":[14,5],"32":[1,10],"33":[2,8],"34":[1,7],"35":[1,6],"36":[3,3],"37":[6,3],"38":[6,6],"39":[16,3],"40":[16,3],"41":[1,5],"42":[2,15],"43":[2,1],"44":[1,1],"45":[3,12],"46":[12,9],"47":[17,12],"48":[0,12],"49":[1,11],"50":[1,10],"51":[8,2],"52":[1,6],"53":[6,0],"54":[1,5],"55":[9,6],"56":[12,5],"57":[12,5],"58":[1,8],"59":[3,6],"60":[6,5],"61":[9,6],"62":[9,5],"63":[1,5],"64":[1,4],"65":[5,5],"66":[1,0],"67":[0,4],"68":[0,4],"69":[4,4],"70":[1,127],"71":[1,126],"72":[2,124],"73":[122,2],"74":[1,8],"75":[15,15],"76":[1,4],"77":[4,0],"78":[2,121],"79":[117,4],"80":[121,118],"81":[1,3],"82":[1,1],"83":[2,2],"84":[1,188]},"meta":{"lastBranch":85,"lastFunction":17,"lastStatement":202,"seen":{"f:42:0:42:Infinity":0,"f:57:2:57:Infinity":1,"s:58:21:58:42":0,"s:59:21:59:54":1,"s:60:21:60:48":2,"s:61:21:61:51":3,"s:62:21:62:44":4,"s:63:21:63:48":5,"s:64:21:64:40":6,"f:67:8:67:Infinity":2,"b:70:4:70:Infinity:undefined:undefined:undefined:undefined":0,"s:70:4:70:Infinity":7,"s:70:24:70:Infinity":8,"s:71:19:71:Infinity":9,"s:72:4:72:Infinity":10,"f:75:8:75:Infinity":3,"s:80:17:80:Infinity":11,"b:81:4:88:Infinity:undefined:undefined:undefined:undefined":1,"s:81:4:88:Infinity":12,"b:81:8:81:45:81:49:81:86":2,"s:82:21:84:Infinity":13,"b:84:8:84:40:84:40:84:64":3,"b:86:6:86:Infinity:undefined:undefined:undefined:undefined":4,"s:86:6:86:Infinity":14,"s:86:18:86:Infinity":15,"s:87:6:87:Infinity":16,"b:89:4:93:Infinity:undefined:undefined:undefined:undefined":5,"s:89:4:93:Infinity":17,"s:90:6:91:Infinity":18,"b:94:4:96:Infinity:undefined:undefined:undefined:undefined":6,"s:94:4:96:Infinity":19,"s:95:6:95:Infinity":20,"s:98:10:102:Infinity":21,"b:100:18:100:38:100:38:100:53":7,"b:101:14:101:30:101:30:101:Infinity":8,"s:104:6:104:62":22,"b:104:6:104:38:104:38:104:62":9,"s:106:19:195:Infinity":23,"f:106:56:106:63":4,"s:107:20:111:Infinity":24,"b:112:6:112:Infinity:undefined:undefined:undefined:undefined":10,"s:112:6:112:Infinity":25,"s:112:35:112:Infinity":26,"s:114:19:114:Infinity":27,"b:115:6:115:Infinity:undefined:undefined:undefined:undefined":11,"s:115:6:115:Infinity":28,"s:115:17:115:Infinity":29,"b:116:6:120:Infinity:undefined:undefined:undefined:undefined":12,"s:116:6:120:Infinity":30,"s:117:8:118:Infinity":31,"b:122:6:134:Infinity:undefined:undefined:undefined:undefined":13,"s:122:6:134:Infinity":32,"s:123:21:125:Infinity":33,"b:126:8:126:Infinity:undefined:undefined:undefined:undefined":14,"s:126:8:126:Infinity":34,"s:126:19:126:Infinity":35,"s:127:8:131:Infinity":36,"s:133:8:133:Infinity":37,"s:136:6:138:Infinity":38,"s:137:8:137:Infinity":39,"s:140:32:142:Infinity":40,"s:145:25:154:Infinity":41,"b:157:6:171:Infinity:undefined:undefined:undefined:undefined":15,"s:157:6:171:Infinity":42,"s:158:8:169:Infinity":43,"s:173:22:181:Infinity":44,"b:178:16:178:40:178:40:178:Infinity":16,"b:179:16:179:33:179:33:179:Infinity":17,"b:180:18:180:37:180:37:180:Infinity":18,"b:182:6:184:Infinity:undefined:undefined:undefined:undefined":19,"s:182:6:184:Infinity":45,"s:183:8:183:Infinity":46,"s:186:12:186:Infinity":47,"s:187:6:193:Infinity":48,"s:194:6:194:Infinity":49,"s:197:4:205:Infinity":50,"s:207:4:207:Infinity":51,"f:210:8:210:Infinity":5,"s:215:17:215:Infinity":52,"b:216:4:223:Infinity:undefined:undefined:undefined:undefined":20,"s:216:4:223:Infinity":53,"s:217:21:219:Infinity":54,"b:219:8:219:40:219:40:219:65":21,"b:221:6:221:Infinity:undefined:undefined:undefined:undefined":22,"s:221:6:221:Infinity":55,"s:221:18:221:Infinity":56,"s:222:6:222:Infinity":57,"b:224:4:228:Infinity:undefined:undefined:undefined:undefined":23,"s:224:4:228:Infinity":58,"s:225:6:226:Infinity":59,"s:230:10:234:Infinity":60,"b:232:25:232:52:232:52:232:Infinity":24,"b:233:18:233:38:233:38:233:Infinity":25,"s:236:6:236:63":61,"b:236:6:236:38:236:38:236:63":26,"s:238:19:333:Infinity":62,"f:238:56:238:63":6,"s:239:20:243:Infinity":63,"b:244:6:244:Infinity:undefined:undefined:undefined:undefined":27,"s:244:6:244:Infinity":64,"s:244:35:244:Infinity":65,"s:246:19:246:Infinity":66,"b:247:6:247:Infinity:undefined:undefined:undefined:undefined":28,"s:247:6:247:Infinity":67,"s:247:17:247:Infinity":68,"b:248:6:252:Infinity:undefined:undefined:undefined:undefined":29,"s:248:6:252:Infinity":69,"s:249:8:250:Infinity":70,"b:254:6:256:Infinity:undefined:undefined:undefined:undefined":30,"s:254:6:256:Infinity":71,"b:254:10:254:30:254:30:254:65":31,"s:255:8:255:Infinity":72,"s:258:25:258:Infinity":73,"b:259:6:261:Infinity:undefined:undefined:undefined:undefined":32,"s:259:6:261:Infinity":74,"s:260:8:260:Infinity":75,"b:262:6:266:Infinity:undefined:undefined:undefined:undefined":33,"s:262:6:266:Infinity":76,"s:263:8:264:Infinity":77,"s:268:6:293:Infinity":78,"s:269:21:271:Infinity":79,"b:272:8:274:Infinity:undefined:undefined:undefined:undefined":34,"s:272:8:274:Infinity":80,"s:273:10:273:Infinity":81,"s:275:8:275:Infinity":82,"b:276:8:280:Infinity:undefined:undefined:undefined:undefined":35,"s:276:8:280:Infinity":83,"s:277:10:278:Infinity":84,"s:281:8:291:Infinity":85,"b:295:6:308:Infinity:undefined:undefined:undefined:undefined":36,"s:295:6:308:Infinity":86,"b:295:10:295:37:295:37:295:65":37,"s:296:30:296:Infinity":87,"s:297:8:306:Infinity":88,"s:310:22:319:Infinity":89,"b:315:16:315:40:315:40:315:Infinity":38,"b:316:16:316:33:316:33:316:Infinity":39,"b:317:18:317:37:317:37:317:Infinity":40,"b:320:6:322:Infinity:undefined:undefined:undefined:undefined":41,"s:320:6:322:Infinity":90,"s:321:8:321:Infinity":91,"s:324:12:324:Infinity":92,"s:325:6:331:Infinity":93,"s:332:6:332:Infinity":94,"s:335:4:343:Infinity":95,"s:345:4:345:Infinity":96,"f:348:8:348:Infinity":7,"s:354:17:354:Infinity":97,"b:355:4:362:Infinity:undefined:undefined:undefined:undefined":42,"s:355:4:362:Infinity":98,"s:356:21:358:Infinity":99,"b:358:8:358:34:358:34:358:57":43,"b:360:6:360:Infinity:undefined:undefined:undefined:undefined":44,"s:360:6:360:Infinity":100,"s:360:18:360:Infinity":101,"s:361:6:361:Infinity":102,"b:363:4:367:Infinity:undefined:undefined:undefined:undefined":45,"s:363:4:367:Infinity":103,"s:364:6:365:Infinity":104,"s:369:10:372:Infinity":105,"b:371:14:371:24:371:24:371:Infinity":46,"s:373:20:373:69":106,"b:373:20:373:46:373:46:373:69":47,"s:375:19:445:Infinity":107,"f:375:56:375:63":8,"s:376:20:380:Infinity":108,"b:381:6:381:Infinity:undefined:undefined:undefined:undefined":48,"s:381:6:381:Infinity":109,"s:381:35:381:Infinity":110,"s:383:19:383:Infinity":111,"b:384:6:384:Infinity:undefined:undefined:undefined:undefined":49,"s:384:6:384:Infinity":112,"s:384:17:384:Infinity":113,"b:385:6:389:Infinity:undefined:undefined:undefined:undefined":50,"s:385:6:389:Infinity":114,"s:386:8:387:Infinity":115,"b:391:6:421:Infinity:undefined:undefined:undefined:undefined":51,"s:391:6:421:Infinity":116,"s:392:8:396:Infinity":117,"s:399:8:420:Infinity":118,"s:400:23:402:Infinity":119,"b:403:10:403:Infinity:undefined:undefined:undefined:undefined":52,"s:403:10:403:Infinity":120,"s:403:21:403:Infinity":121,"b:404:10:419:Infinity:undefined:undefined:undefined:undefined":53,"s:404:10:419:Infinity":122,"s:405:26:405:Infinity":123,"b:406:12:406:Infinity:undefined:undefined:undefined:undefined":54,"s:406:12:406:Infinity":124,"s:406:24:406:Infinity":125,"s:407:12:417:Infinity":126,"s:423:22:431:Infinity":127,"b:428:16:428:34:428:34:428:Infinity":55,"b:429:16:429:33:429:33:429:Infinity":56,"b:430:18:430:37:430:37:430:Infinity":57,"b:432:6:434:Infinity:undefined:undefined:undefined:undefined":58,"s:432:6:434:Infinity":128,"s:433:8:433:Infinity":129,"s:436:12:436:Infinity":130,"s:437:6:443:Infinity":131,"s:444:6:444:Infinity":132,"s:447:4:455:Infinity":133,"s:457:4:457:Infinity":134,"f:460:8:460:Infinity":9,"s:465:17:465:Infinity":135,"b:466:4:470:Infinity:undefined:undefined:undefined:undefined":59,"s:466:4:470:Infinity":136,"s:467:6:468:Infinity":137,"s:472:10:477:Infinity":138,"b:475:14:475:24:475:28:475:Infinity":60,"b:476:13:476:22:476:26:476:Infinity":61,"s:479:6:479:78":139,"b:479:6:479:36:479:36:479:78":62,"s:481:4:529:Infinity":140,"f:481:41:481:48":10,"s:482:20:486:Infinity":141,"b:487:6:487:Infinity:undefined:undefined:undefined:undefined":63,"s:487:6:487:Infinity":142,"s:487:35:487:Infinity":143,"s:489:19:489:Infinity":144,"b:490:6:494:Infinity:undefined:undefined:undefined:undefined":64,"s:490:6:494:Infinity":145,"b:490:10:490:19:490:19:490:41":65,"s:491:8:492:Infinity":146,"b:492:39:492:55:492:55:492:66":66,"s:495:25:495:Infinity":147,"b:496:6:498:Infinity:undefined:undefined:undefined:undefined":67,"s:496:6:498:Infinity":148,"s:497:8:497:Infinity":149,"b:499:6:506:Infinity:undefined:undefined:undefined:undefined":68,"s:499:6:506:Infinity":150,"b:500:8:500:57:501:8:501:54":69,"s:503:8:504:Infinity":151,"s:508:28:508:Infinity":152,"s:509:6:518:Infinity":153,"s:521:6:527:Infinity":154,"s:528:6:528:Infinity":155,"s:531:20:531:Infinity":156,"s:532:4:532:Infinity":157,"f:538:16:538:Infinity":11,"s:544:17:546:Infinity":158,"b:547:4:549:Infinity:undefined:undefined:undefined:undefined":70,"s:547:4:549:Infinity":159,"s:548:6:548:Infinity":160,"b:550:4:560:Infinity:undefined:undefined:undefined:undefined":71,"s:550:4:560:Infinity":161,"s:557:6:558:Infinity":162,"s:562:27:571:Infinity":163,"b:572:4:576:Infinity:undefined:undefined:undefined:undefined":72,"s:572:4:576:Infinity":164,"s:573:6:574:Infinity":165,"b:578:4:592:Infinity:undefined:undefined:undefined:undefined":73,"s:578:4:592:Infinity":166,"s:579:6:589:Infinity":167,"s:591:6:591:Infinity":168,"s:595:4:595:Infinity":169,"f:598:16:598:Infinity":12,"s:603:18:603:Infinity":170,"b:604:4:608:Infinity:undefined:undefined:undefined:undefined":74,"s:604:4:608:Infinity":171,"s:605:6:606:Infinity":172,"f:611:16:611:Infinity":13,"s:616:19:622:Infinity":173,"s:623:4:625:Infinity":174,"b:624:6:624:Infinity:625:6:625:Infinity":75,"f:629:16:629:Infinity":14,"s:635:17:637:Infinity":175,"b:638:4:638:Infinity:undefined:undefined:undefined:undefined":76,"s:638:4:638:Infinity":176,"s:638:15:638:Infinity":177,"s:639:4:639:Infinity":178,"s:640:23:640:Infinity":179,"b:641:4:648:Infinity:undefined:undefined:undefined:undefined":77,"s:641:4:648:Infinity":180,"s:642:6:646:Infinity":181,"f:652:16:652:Infinity":15,"b:656:4:656:Infinity:undefined:undefined:undefined:undefined":78,"s:656:4:656:Infinity":182,"s:656:24:656:Infinity":183,"s:657:21:659:Infinity":184,"b:660:4:660:Infinity:undefined:undefined:undefined:undefined":79,"s:660:4:660:Infinity":185,"b:660:8:660:20:660:20:660:39":80,"s:660:41:660:Infinity":186,"b:661:4:667:Infinity:undefined:undefined:undefined:undefined":81,"s:661:4:667:Infinity":187,"s:662:6:665:Infinity":188,"s:666:6:666:Infinity":189,"s:668:10:668:Infinity":190,"s:669:4:687:Infinity":191,"s:670:22:679:Infinity":192,"s:680:6:680:Infinity":193,"s:682:20:684:Infinity":194,"b:685:6:685:Infinity:undefined:undefined:undefined:undefined":82,"s:685:6:685:Infinity":195,"b:685:10:685:19:685:19:685:35":83,"s:685:37:685:Infinity":196,"s:686:6:686:Infinity":197,"f:690:16:690:28":16,"s:691:16:691:Infinity":198,"b:692:4:692:Infinity:undefined:undefined:undefined:undefined":84,"s:692:4:692:Infinity":199,"s:692:14:692:Infinity":200,"s:693:4:693:Infinity":201},"fnNames":{}}}
,"C:\\Users\\moham\\Desktop\\juman\\backend-node\\src\\sales\\sales.constants.ts": {"path":"C:\\Users\\moham\\Desktop\\juman\\backend-node\\src\\sales\\sales.constants.ts","statementMap":{"0":{"start":{"line":1,"column":27},"end":{"line":1,"column":null}},"1":{"start":{"line":2,"column":27},"end":{"line":2,"column":null}},"2":{"start":{"line":4,"column":31},"end":{"line":10,"column":null}},"3":{"start":{"line":13,"column":38},"end":{"line":18,"column":null}},"4":{"start":{"line":20,"column":27},"end":{"line":25,"column":null}},"5":{"start":{"line":29,"column":34},"end":{"line":29,"column":null}},"6":{"start":{"line":33,"column":4},"end":{"line":38,"column":null}},"7":{"start":{"line":40,"column":35},"end":{"line":46,"column":null}},"8":{"start":{"line":48,"column":32},"end":{"line":55,"column":null}},"9":{"start":{"line":57,"column":35},"end":{"line":61,"column":null}},"10":{"start":{"line":63,"column":35},"end":{"line":63,"column":null}},"11":{"start":{"line":64,"column":38},"end":{"line":64,"column":null}},"12":{"start":{"line":65,"column":36},"end":{"line":65,"column":null}},"13":{"start":{"line":67,"column":35},"end":{"line":67,"column":null}}},"fnMap":{},"branchMap":{},"s":{"0":6,"1":6,"2":6,"3":6,"4":6,"5":6,"6":6,"7":6,"8":6,"9":6,"10":6,"11":6,"12":6,"13":6},"f":{},"b":{},"meta":{"lastBranch":0,"lastFunction":0,"lastStatement":14,"seen":{"s:1:27:1:Infinity":0,"s:2:27:2:Infinity":1,"s:4:31:10:Infinity":2,"s:13:38:18:Infinity":3,"s:20:27:25:Infinity":4,"s:29:34:29:Infinity":5,"s:33:4:38:Infinity":6,"s:40:35:46:Infinity":7,"s:48:32:55:Infinity":8,"s:57:35:61:Infinity":9,"s:63:35:63:Infinity":10,"s:64:38:64:Infinity":11,"s:65:36:65:Infinity":12,"s:67:35:67:Infinity":13},"fnNames":{}}}
,"C:\\Users\\moham\\Desktop\\juman\\backend-node\\src\\sales\\sales.controller.ts": {"path":"C:\\Users\\moham\\Desktop\\juman\\backend-node\\src\\sales\\sales.controller.ts","statementMap":{"0":{"start":{"line":28,"column":31},"end":{"line":28,"column":50}},"1":{"start":{"line":33,"column":4},"end":{"line":33,"column":null}},"2":{"start":{"line":39,"column":4},"end":{"line":39,"column":null}},"3":{"start":{"line":45,"column":4},"end":{"line":45,"column":null}},"4":{"start":{"line":51,"column":4},"end":{"line":51,"column":null}},"5":{"start":{"line":62,"column":4},"end":{"line":62,"column":null}},"6":{"start":{"line":73,"column":4},"end":{"line":73,"column":null}},"7":{"start":{"line":84,"column":4},"end":{"line":84,"column":null}},"8":{"start":{"line":95,"column":4},"end":{"line":95,"column":null}}},"fnMap":{"0":{"name":"_ts_decorate","decl":{"start":{"line":24,"column":0},"end":{"line":24,"column":null}},"loc":{"start":{"line":24,"column":0},"end":{"line":24,"column":null}},"line":24},"1":{"name":"constructor","decl":{"start":{"line":28,"column":2},"end":{"line":28,"column":14}},"loc":{"start":{"line":28,"column":52},"end":{"line":28,"column":null}},"line":28},"2":{"name":"list","decl":{"start":{"line":32,"column":2},"end":{"line":32,"column":7}},"loc":{"start":{"line":32,"column":37},"end":{"line":34,"column":null}},"line":32},"3":{"name":"history","decl":{"start":{"line":38,"column":2},"end":{"line":38,"column":10}},"loc":{"start":{"line":38,"column":50},"end":{"line":40,"column":null}},"line":38},"4":{"name":"get","decl":{"start":{"line":44,"column":2},"end":{"line":44,"column":6}},"loc":{"start":{"line":44,"column":46},"end":{"line":46,"column":null}},"line":44},"5":{"name":"create","decl":{"start":{"line":50,"column":2},"end":{"line":50,"column":9}},"loc":{"start":{"line":50,"column":74},"end":{"line":52,"column":null}},"line":50},"6":{"name":"confirm","decl":{"start":{"line":57,"column":2},"end":{"line":57,"column":null}},"loc":{"start":{"line":61,"column":4},"end":{"line":63,"column":null}},"line":61},"7":{"name":"payment","decl":{"start":{"line":68,"column":2},"end":{"line":68,"column":null}},"loc":{"start":{"line":72,"column":4},"end":{"line":74,"column":null}},"line":72},"8":{"name":"complete","decl":{"start":{"line":79,"column":2},"end":{"line":79,"column":null}},"loc":{"start":{"line":83,"column":4},"end":{"line":85,"column":null}},"line":83},"9":{"name":"cancel","decl":{"start":{"line":90,"column":2},"end":{"line":90,"column":null}},"loc":{"start":{"line":94,"column":4},"end":{"line":96,"column":null}},"line":94}},"branchMap":{},"s":{"0":2,"1":2,"2":1,"3":1,"4":120,"5":120,"6":3,"7":5,"8":7},"f":{"0":18,"1":2,"2":2,"3":1,"4":1,"5":120,"6":120,"7":3,"8":5,"9":7},"b":{},"meta":{"lastBranch":0,"lastFunction":10,"lastStatement":9,"seen":{"f:24:0:24:Infinity":0,"f:28:2:28:14":1,"s:28:31:28:50":0,"f:32:2:32:7":2,"s:33:4:33:Infinity":1,"f:38:2:38:10":3,"s:39:4:39:Infinity":2,"f:44:2:44:6":4,"s:45:4:45:Infinity":3,"f:50:2:50:9":5,"s:51:4:51:Infinity":4,"f:57:2:57:Infinity":6,"s:62:4:62:Infinity":5,"f:68:2:68:Infinity":7,"s:73:4:73:Infinity":6,"f:79:2:79:Infinity":8,"s:84:4:84:Infinity":7,"f:90:2:90:Infinity":9,"s:95:4:95:Infinity":8},"fnNames":{}}}
,"C:\\Users\\moham\\Desktop\\juman\\backend-node\\src\\sales\\sales.mapper.ts": {"path":"C:\\Users\\moham\\Desktop\\juman\\backend-node\\src\\sales\\sales.mapper.ts","statementMap":{"0":{"start":{"line":5,"column":2},"end":{"line":73,"column":null}},"1":{"start":{"line":26,"column":33},"end":{"line":45,"column":null}},"2":{"start":{"line":58,"column":37},"end":{"line":67,"column":null}},"3":{"start":{"line":85,"column":2},"end":{"line":91,"column":null}}},"fnMap":{"0":{"name":"toSalePublic","decl":{"start":{"line":4,"column":16},"end":{"line":4,"column":29}},"loc":{"start":{"line":4,"column":51},"end":{"line":74,"column":null}},"line":4},"1":{"name":"(anonymous_1)","decl":{"start":{"line":26,"column":25},"end":{"line":26,"column":26}},"loc":{"start":{"line":26,"column":33},"end":{"line":45,"column":null}},"line":26},"2":{"name":"(anonymous_2)","decl":{"start":{"line":58,"column":29},"end":{"line":58,"column":30}},"loc":{"start":{"line":58,"column":37},"end":{"line":67,"column":null}},"line":58},"3":{"name":"toSaleSnapshot","decl":{"start":{"line":78,"column":16},"end":{"line":78,"column":31}},"loc":{"start":{"line":84,"column":1},"end":{"line":92,"column":null}},"line":84}},"branchMap":{"0":{"loc":{"start":{"line":9,"column":14},"end":{"line":16,"column":null}},"type":"cond-expr","locations":[{"start":{"line":10,"column":8},"end":{"line":15,"column":null}},{"start":{"line":16,"column":8},"end":{"line":16,"column":null}}],"line":9},"1":{"loc":{"start":{"line":35,"column":12},"end":{"line":44,"column":null}},"type":"cond-expr","locations":[{"start":{"line":36,"column":10},"end":{"line":43,"column":null}},{"start":{"line":44,"column":10},"end":{"line":44,"column":null}}],"line":35},"2":{"loc":{"start":{"line":46,"column":16},"end":{"line":57,"column":null}},"type":"cond-expr","locations":[{"start":{"line":47,"column":8},"end":{"line":56,"column":null}},{"start":{"line":57,"column":8},"end":{"line":57,"column":null}}],"line":46},"3":{"loc":{"start":{"line":90,"column":16},"end":{"line":90,"column":null}},"type":"binary-expr","locations":[{"start":{"line":90,"column":16},"end":{"line":90,"column":30}},{"start":{"line":90,"column":34},"end":{"line":90,"column":null}}],"line":90}},"s":{"0":272,"1":269,"2":390,"3":391},"f":{"0":272,"1":269,"2":390,"3":391},"b":{"0":[7,265],"1":[253,16],"2":[130,142],"3":[391,383]},"meta":{"lastBranch":4,"lastFunction":4,"lastStatement":4,"seen":{"f:4:16:4:29":0,"s:5:2:73:Infinity":0,"b:10:8:15:Infinity:16:8:16:Infinity":0,"f:26:25:26:26":1,"s:26:33:45:Infinity":1,"b:36:10:43:Infinity:44:10:44:Infinity":1,"b:47:8:56:Infinity:57:8:57:Infinity":2,"f:58:29:58:30":2,"s:58:37:67:Infinity":2,"f:78:16:78:31":3,"s:85:2:91:Infinity":3,"b:90:16:90:30:90:34:90:Infinity":3},"fnNames":{}}}
,"C:\\Users\\moham\\Desktop\\juman\\backend-node\\src\\sales\\sales.repository.ts": {"path":"C:\\Users\\moham\\Desktop\\juman\\backend-node\\src\\sales\\sales.repository.ts","statementMap":{"0":{"start":{"line":6,"column":27},"end":{"line":35,"column":null}},"1":{"start":{"line":54,"column":31},"end":{"line":54,"column":52}},"2":{"start":{"line":57,"column":4},"end":{"line":57,"column":null}},"3":{"start":{"line":65,"column":4},"end":{"line":66,"column":null}},"4":{"start":{"line":66,"column":6},"end":{"line":66,"column":null}},"5":{"start":{"line":76,"column":17},"end":{"line":102,"column":null}},"6":{"start":{"line":80,"column":36},"end":{"line":89,"column":null}},"7":{"start":{"line":103,"column":4},"end":{"line":106,"column":null}},"8":{"start":{"line":110,"column":4},"end":{"line":113,"column":null}},"9":{"start":{"line":120,"column":4},"end":{"line":123,"column":null}},"10":{"start":{"line":127,"column":4},"end":{"line":130,"column":null}},"11":{"start":{"line":134,"column":4},"end":{"line":134,"column":null}},"12":{"start":{"line":143,"column":26},"end":{"line":152,"column":null}},"13":{"start":{"line":153,"column":4},"end":{"line":153,"column":null}},"14":{"start":{"line":157,"column":16},"end":{"line":169,"column":null}},"15":{"start":{"line":158,"column":16},"end":{"line":158,"column":null}},"16":{"start":{"line":159,"column":6},"end":{"line":162,"column":null}},"17":{"start":{"line":160,"column":8},"end":{"line":160,"column":null}},"18":{"start":{"line":161,"column":8},"end":{"line":161,"column":null}},"19":{"start":{"line":163,"column":6},"end":{"line":168,"column":null}},"20":{"start":{"line":170,"column":4},"end":{"line":170,"column":null}},"21":{"start":{"line":170,"column":12},"end":{"line":170,"column":null}},"22":{"start":{"line":171,"column":4},"end":{"line":171,"column":null}},"23":{"start":{"line":187,"column":19},"end":{"line":198,"column":null}},"24":{"start":{"line":199,"column":4},"end":{"line":199,"column":null}},"25":{"start":{"line":199,"column":28},"end":{"line":199,"column":null}},"26":{"start":{"line":200,"column":4},"end":{"line":210,"column":null}},"27":{"start":{"line":211,"column":4},"end":{"line":214,"column":null}},"28":{"start":{"line":223,"column":4},"end":{"line":229,"column":null}}},"fnMap":{"0":{"name":"_ts_decorate","decl":{"start":{"line":4,"column":0},"end":{"line":4,"column":null}},"loc":{"start":{"line":4,"column":0},"end":{"line":4,"column":null}},"line":4},"1":{"name":"constructor","decl":{"start":{"line":54,"column":2},"end":{"line":54,"column":14}},"loc":{"start":{"line":54,"column":54},"end":{"line":54,"column":null}},"line":54},"2":{"name":"client","decl":{"start":{"line":56,"column":6},"end":{"line":56,"column":15}},"loc":{"start":{"line":56,"column":15},"end":{"line":58,"column":null}},"line":56},"3":{"name":"create","decl":{"start":{"line":60,"column":2},"end":{"line":60,"column":null}},"loc":{"start":{"line":64,"column":32},"end":{"line":68,"column":null}},"line":64},"4":{"name":"(anonymous_4)","decl":{"start":{"line":65,"column":36},"end":{"line":65,"column":43}},"loc":{"start":{"line":66,"column":6},"end":{"line":66,"column":null}},"line":66},"5":{"name":"createInTx","decl":{"start":{"line":70,"column":8},"end":{"line":70,"column":null}},"loc":{"start":{"line":75,"column":32},"end":{"line":107,"column":null}},"line":75},"6":{"name":"(anonymous_6)","decl":{"start":{"line":80,"column":28},"end":{"line":80,"column":29}},"loc":{"start":{"line":80,"column":36},"end":{"line":89,"column":null}},"line":80},"7":{"name":"findById","decl":{"start":{"line":109,"column":2},"end":{"line":109,"column":11}},"loc":{"start":{"line":109,"column":75},"end":{"line":114,"column":null}},"line":109},"8":{"name":"findByIdInTx","decl":{"start":{"line":116,"column":2},"end":{"line":116,"column":null}},"loc":{"start":{"line":119,"column":39},"end":{"line":124,"column":null}},"line":119},"9":{"name":"findByNumber","decl":{"start":{"line":126,"column":2},"end":{"line":126,"column":15}},"loc":{"start":{"line":126,"column":70},"end":{"line":131,"column":null}},"line":126},"10":{"name":"findAnyNumber","decl":{"start":{"line":133,"column":2},"end":{"line":133,"column":16}},"loc":{"start":{"line":133,"column":58},"end":{"line":135,"column":null}},"line":133},"11":{"name":"list","decl":{"start":{"line":137,"column":8},"end":{"line":137,"column":13}},"loc":{"start":{"line":142,"column":5},"end":{"line":154,"column":null}},"line":142},"12":{"name":"nextSequence","decl":{"start":{"line":156,"column":8},"end":{"line":156,"column":21}},"loc":{"start":{"line":156,"column":85},"end":{"line":172,"column":null}},"line":156},"13":{"name":"(anonymous_13)","decl":{"start":{"line":157,"column":16},"end":{"line":157,"column":23}},"loc":{"start":{"line":157,"column":23},"end":{"line":169,"column":null}},"line":157},"14":{"name":"transitionStatus","decl":{"start":{"line":174,"column":8},"end":{"line":174,"column":null}},"loc":{"start":{"line":186,"column":39},"end":{"line":215,"column":null}},"line":186},"15":{"name":"updateCustomerInTx","decl":{"start":{"line":217,"column":8},"end":{"line":217,"column":null}},"loc":{"start":{"line":222,"column":19},"end":{"line":230,"column":null}},"line":222}},"branchMap":{"0":{"loc":{"start":{"line":86,"column":29},"end":{"line":86,"column":null}},"type":"binary-expr","locations":[{"start":{"line":86,"column":29},"end":{"line":86,"column":46}},{"start":{"line":86,"column":50},"end":{"line":86,"column":null}}],"line":86},"1":{"loc":{"start":{"line":87,"column":30},"end":{"line":87,"column":null}},"type":"binary-expr","locations":[{"start":{"line":87,"column":30},"end":{"line":87,"column":48}},{"start":{"line":87,"column":52},"end":{"line":87,"column":null}}],"line":87},"2":{"loc":{"start":{"line":88,"column":23},"end":{"line":88,"column":null}},"type":"binary-expr","locations":[{"start":{"line":88,"column":23},"end":{"line":88,"column":34}},{"start":{"line":88,"column":38},"end":{"line":88,"column":null}}],"line":88},"3":{"loc":{"start":{"line":94,"column":23},"end":{"line":94,"column":55}},"type":"binary-expr","locations":[{"start":{"line":94,"column":23},"end":{"line":94,"column":34}},{"start":{"line":94,"column":38},"end":{"line":94,"column":55}}],"line":94},"4":{"loc":{"start":{"line":97,"column":20},"end":{"line":97,"column":null}},"type":"binary-expr","locations":[{"start":{"line":97,"column":20},"end":{"line":97,"column":37}},{"start":{"line":97,"column":37},"end":{"line":97,"column":null}}],"line":97},"5":{"loc":{"start":{"line":98,"column":22},"end":{"line":98,"column":null}},"type":"binary-expr","locations":[{"start":{"line":98,"column":22},"end":{"line":98,"column":41}},{"start":{"line":98,"column":41},"end":{"line":98,"column":null}}],"line":98},"6":{"loc":{"start":{"line":109,"column":23},"end":{"line":109,"column":38}},"type":"default-arg","locations":[{"start":{"line":109,"column":33},"end":{"line":109,"column":38}}],"line":109},"7":{"loc":{"start":{"line":111,"column":30},"end":{"line":111,"column":61}},"type":"cond-expr","locations":[{"start":{"line":111,"column":40},"end":{"line":111,"column":56}},{"start":{"line":111,"column":56},"end":{"line":111,"column":61}}],"line":111},"8":{"loc":{"start":{"line":159,"column":6},"end":{"line":162,"column":null}},"type":"if","locations":[{"start":{"line":159,"column":6},"end":{"line":162,"column":null}},{"start":{},"end":{}}],"line":159},"9":{"loc":{"start":{"line":170,"column":4},"end":{"line":170,"column":null}},"type":"if","locations":[{"start":{"line":170,"column":4},"end":{"line":170,"column":null}},{"start":{},"end":{}}],"line":170},"10":{"loc":{"start":{"line":195,"column":19},"end":{"line":195,"column":null}},"type":"binary-expr","locations":[{"start":{"line":195,"column":19},"end":{"line":195,"column":31}},{"start":{"line":195,"column":35},"end":{"line":195,"column":null}}],"line":195},"11":{"loc":{"start":{"line":196,"column":12},"end":{"line":196,"column":null}},"type":"binary-expr","locations":[{"start":{"line":196,"column":12},"end":{"line":196,"column":23}},{"start":{"line":196,"column":27},"end":{"line":196,"column":null}}],"line":196},"12":{"loc":{"start":{"line":199,"column":4},"end":{"line":199,"column":null}},"type":"if","locations":[{"start":{"line":199,"column":4},"end":{"line":199,"column":null}},{"start":{},"end":{}}],"line":199},"13":{"loc":{"start":{"line":206,"column":16},"end":{"line":206,"column":null}},"type":"binary-expr","locations":[{"start":{"line":206,"column":16},"end":{"line":206,"column":28}},{"start":{"line":206,"column":32},"end":{"line":206,"column":null}}],"line":206},"14":{"loc":{"start":{"line":207,"column":16},"end":{"line":207,"column":null}},"type":"binary-expr","locations":[{"start":{"line":207,"column":16},"end":{"line":207,"column":28}},{"start":{"line":207,"column":32},"end":{"line":207,"column":null}}],"line":207},"15":{"loc":{"start":{"line":208,"column":18},"end":{"line":208,"column":null}},"type":"binary-expr","locations":[{"start":{"line":208,"column":18},"end":{"line":208,"column":32}},{"start":{"line":208,"column":36},"end":{"line":208,"column":null}}],"line":208},"16":{"loc":{"start":{"line":227,"column":19},"end":{"line":227,"column":null}},"type":"binary-expr","locations":[{"start":{"line":227,"column":19},"end":{"line":227,"column":29}},{"start":{"line":227,"column":29},"end":{"line":227,"column":null}}],"line":227}},"s":{"0":5,"1":6,"2":122,"3":120,"4":120,"5":120,"6":120,"7":120,"8":143,"9":132,"10":1,"11":120,"12":3,"13":3,"14":121,"15":121,"16":121,"17":3,"18":3,"19":118,"20":121,"21":1,"22":120,"23":123,"24":123,"25":1,"26":122,"27":122,"28":3},"f":{"0":5,"1":6,"2":122,"3":120,"4":120,"5":120,"6":120,"7":143,"8":132,"9":1,"10":120,"11":3,"12":121,"13":121,"14":123,"15":3},"b":{"0":[120,101],"1":[120,1],"2":[120,1],"3":[120,0],"4":[120,0],"5":[120,0],"6":[143],"7":[0,143],"8":[3,118],"9":[1,120],"10":[123,2],"11":[123,119],"12":[1,122],"13":[122,1],"14":[123,1],"15":[123,1],"16":[3,0]},"meta":{"lastBranch":17,"lastFunction":16,"lastStatement":29,"seen":{"f:4:0:4:Infinity":0,"s:6:27:35:Infinity":0,"f:54:2:54:14":1,"s:54:31:54:52":1,"f:56:6:56:15":2,"s:57:4:57:Infinity":2,"f:60:2:60:Infinity":3,"s:65:4:66:Infinity":3,"f:65:36:65:43":4,"s:66:6:66:Infinity":4,"f:70:8:70:Infinity":5,"s:76:17:102:Infinity":5,"f:80:28:80:29":6,"s:80:36:89:Infinity":6,"b:86:29:86:46:86:50:86:Infinity":0,"b:87:30:87:48:87:52:87:Infinity":1,"b:88:23:88:34:88:38:88:Infinity":2,"b:94:23:94:34:94:38:94:55":3,"b:97:20:97:37:97:37:97:Infinity":4,"b:98:22:98:41:98:41:98:Infinity":5,"s:103:4:106:Infinity":7,"f:109:2:109:11":7,"b:109:33:109:38":6,"s:110:4:113:Infinity":8,"b:111:40:111:56:111:56:111:61":7,"f:116:2:116:Infinity":8,"s:120:4:123:Infinity":9,"f:126:2:126:15":9,"s:127:4:130:Infinity":10,"f:133:2:133:16":10,"s:134:4:134:Infinity":11,"f:137:8:137:13":11,"s:143:26:152:Infinity":12,"s:153:4:153:Infinity":13,"f:156:8:156:21":12,"s:157:16:169:Infinity":14,"f:157:16:157:23":13,"s:158:16:158:Infinity":15,"b:159:6:162:Infinity:undefined:undefined:undefined:undefined":8,"s:159:6:162:Infinity":16,"s:160:8:160:Infinity":17,"s:161:8:161:Infinity":18,"s:163:6:168:Infinity":19,"b:170:4:170:Infinity:undefined:undefined:undefined:undefined":9,"s:170:4:170:Infinity":20,"s:170:12:170:Infinity":21,"s:171:4:171:Infinity":22,"f:174:8:174:Infinity":14,"s:187:19:198:Infinity":23,"b:195:19:195:31:195:35:195:Infinity":10,"b:196:12:196:23:196:27:196:Infinity":11,"b:199:4:199:Infinity:undefined:undefined:undefined:undefined":12,"s:199:4:199:Infinity":24,"s:199:28:199:Infinity":25,"s:200:4:210:Infinity":26,"b:206:16:206:28:206:32:206:Infinity":13,"b:207:16:207:28:207:32:207:Infinity":14,"b:208:18:208:32:208:36:208:Infinity":15,"s:211:4:214:Infinity":27,"f:217:8:217:Infinity":15,"s:223:4:229:Infinity":28,"b:227:19:227:29:227:29:227:Infinity":16},"fnNames":{}}}
,"C:\\Users\\moham\\Desktop\\juman\\backend-node\\src\\sales\\sales.rules.ts": {"path":"C:\\Users\\moham\\Desktop\\juman\\backend-node\\src\\sales\\sales.rules.ts","statementMap":{"0":{"start":{"line":5,"column":2},"end":{"line":5,"column":null}},"1":{"start":{"line":9,"column":2},"end":{"line":9,"column":null}},"2":{"start":{"line":13,"column":2},"end":{"line":13,"column":null}},"3":{"start":{"line":17,"column":2},"end":{"line":17,"column":null}},"4":{"start":{"line":21,"column":2},"end":{"line":21,"column":null}},"5":{"start":{"line":25,"column":2},"end":{"line":25,"column":null}},"6":{"start":{"line":30,"column":2},"end":{"line":33,"column":null}},"7":{"start":{"line":39,"column":2},"end":{"line":39,"column":null}},"8":{"start":{"line":44,"column":2},"end":{"line":48,"column":null}},"9":{"start":{"line":45,"column":4},"end":{"line":46,"column":null}}},"fnMap":{"0":{"name":"isSaleStatus","decl":{"start":{"line":4,"column":16},"end":{"line":4,"column":29}},"loc":{"start":{"line":4,"column":42},"end":{"line":6,"column":null}},"line":4},"1":{"name":"canTransitionSaleStatus","decl":{"start":{"line":8,"column":16},"end":{"line":8,"column":40}},"loc":{"start":{"line":8,"column":72},"end":{"line":10,"column":null}},"line":8},"2":{"name":"canConfirm","decl":{"start":{"line":12,"column":16},"end":{"line":12,"column":27}},"loc":{"start":{"line":12,"column":41},"end":{"line":14,"column":null}},"line":12},"3":{"name":"canComplete","decl":{"start":{"line":16,"column":16},"end":{"line":16,"column":28}},"loc":{"start":{"line":16,"column":42},"end":{"line":18,"column":null}},"line":16},"4":{"name":"canCancel","decl":{"start":{"line":20,"column":16},"end":{"line":20,"column":26}},"loc":{"start":{"line":20,"column":40},"end":{"line":22,"column":null}},"line":20},"5":{"name":"canPay","decl":{"start":{"line":24,"column":16},"end":{"line":24,"column":23}},"loc":{"start":{"line":24,"column":37},"end":{"line":26,"column":null}},"line":24},"6":{"name":"isLiveSaleSettlementStatus","decl":{"start":{"line":29,"column":16},"end":{"line":29,"column":43}},"loc":{"start":{"line":29,"column":57},"end":{"line":35,"column":null}},"line":29},"7":{"name":"canSoftDeleteSale","decl":{"start":{"line":38,"column":16},"end":{"line":38,"column":34}},"loc":{"start":{"line":38,"column":48},"end":{"line":40,"column":null}},"line":38},"8":{"name":"assertSaleQuantity","decl":{"start":{"line":43,"column":16},"end":{"line":43,"column":35}},"loc":{"start":{"line":43,"column":51},"end":{"line":49,"column":null}},"line":43}},"branchMap":{"0":{"loc":{"start":{"line":21,"column":9},"end":{"line":21,"column":73}},"type":"binary-expr","locations":[{"start":{"line":21,"column":9},"end":{"line":21,"column":37}},{"start":{"line":21,"column":41},"end":{"line":21,"column":73}}],"line":21},"1":{"loc":{"start":{"line":31,"column":4},"end":{"line":33,"column":null}},"type":"binary-expr","locations":[{"start":{"line":31,"column":4},"end":{"line":31,"column":null}},{"start":{"line":32,"column":4},"end":{"line":32,"column":null}},{"start":{"line":33,"column":4},"end":{"line":33,"column":null}}],"line":31},"2":{"loc":{"start":{"line":39,"column":9},"end":{"line":39,"column":73}},"type":"binary-expr","locations":[{"start":{"line":39,"column":9},"end":{"line":39,"column":37}},{"start":{"line":39,"column":41},"end":{"line":39,"column":73}}],"line":39},"3":{"loc":{"start":{"line":44,"column":2},"end":{"line":48,"column":null}},"type":"if","locations":[{"start":{"line":44,"column":2},"end":{"line":48,"column":null}},{"start":{},"end":{}}],"line":44}},"s":{"0":4,"1":136,"2":137,"3":18,"4":28,"5":15,"6":14,"7":9,"8":129,"9":2},"f":{"0":4,"1":136,"2":137,"3":18,"4":28,"5":15,"6":14,"7":9,"8":129},"b":{"0":[28,23],"1":[14,6,5],"2":[9,7],"3":[2,127]},"meta":{"lastBranch":4,"lastFunction":9,"lastStatement":10,"seen":{"f:4:16:4:29":0,"s:5:2:5:Infinity":0,"f:8:16:8:40":1,"s:9:2:9:Infinity":1,"f:12:16:12:27":2,"s:13:2:13:Infinity":2,"f:16:16:16:28":3,"s:17:2:17:Infinity":3,"f:20:16:20:26":4,"s:21:2:21:Infinity":4,"b:21:9:21:37:21:41:21:73":0,"f:24:16:24:23":5,"s:25:2:25:Infinity":5,"f:29:16:29:43":6,"s:30:2:33:Infinity":6,"b:31:4:31:Infinity:32:4:32:Infinity:33:4:33:Infinity":1,"f:38:16:38:34":7,"s:39:2:39:Infinity":7,"b:39:9:39:37:39:41:39:73":2,"f:43:16:43:35":8,"b:44:2:48:Infinity:undefined:undefined:undefined:undefined":3,"s:44:2:48:Infinity":8,"s:45:4:46:Infinity":9},"fnNames":{}}}
,"C:\\Users\\moham\\Desktop\\juman\\backend-node\\src\\sales\\sales.service.ts": {"path":"C:\\Users\\moham\\Desktop\\juman\\backend-node\\src\\sales\\sales.service.ts","statementMap":{"0":{"start":{"line":43,"column":21},"end":{"line":43,"column":42}},"1":{"start":{"line":44,"column":21},"end":{"line":44,"column":55}},"2":{"start":{"line":45,"column":21},"end":{"line":45,"column":48}},"3":{"start":{"line":46,"column":21},"end":{"line":46,"column":44}},"4":{"start":{"line":47,"column":21},"end":{"line":47,"column":46}},"5":{"start":{"line":48,"column":21},"end":{"line":48,"column":40}},"6":{"start":{"line":49,"column":21},"end":{"line":49,"column":45}},"7":{"start":{"line":53,"column":19},"end":{"line":53,"column":null}},"8":{"start":{"line":54,"column":4},"end":{"line":54,"column":null}},"9":{"start":{"line":55,"column":4},"end":{"line":58,"column":null}},"10":{"start":{"line":62,"column":10},"end":{"line":62,"column":null}},"11":{"start":{"line":63,"column":10},"end":{"line":67,"column":null}},"12":{"start":{"line":69,"column":41},"end":{"line":69,"column":null}},"13":{"start":{"line":70,"column":4},"end":{"line":75,"column":null}},"14":{"start":{"line":71,"column":6},"end":{"line":73,"column":null}},"15":{"start":{"line":72,"column":8},"end":{"line":72,"column":null}},"16":{"start":{"line":74,"column":6},"end":{"line":74,"column":null}},"17":{"start":{"line":76,"column":4},"end":{"line":76,"column":null}},"18":{"start":{"line":76,"column":26},"end":{"line":76,"column":null}},"19":{"start":{"line":77,"column":4},"end":{"line":79,"column":null}},"20":{"start":{"line":78,"column":6},"end":{"line":78,"column":null}},"21":{"start":{"line":80,"column":10},"end":{"line":80,"column":null}},"22":{"start":{"line":81,"column":4},"end":{"line":87,"column":null}},"23":{"start":{"line":82,"column":6},"end":{"line":86,"column":null}},"24":{"start":{"line":88,"column":28},"end":{"line":93,"column":null}},"25":{"start":{"line":94,"column":4},"end":{"line":97,"column":null}},"26":{"start":{"line":95,"column":16},"end":{"line":95,"column":null}},"27":{"start":{"line":102,"column":4},"end":{"line":102,"column":null}},"28":{"start":{"line":106,"column":17},"end":{"line":106,"column":null}},"29":{"start":{"line":107,"column":4},"end":{"line":116,"column":null}},"30":{"start":{"line":107,"column":36},"end":{"line":116,"column":null}},"31":{"start":{"line":120,"column":4},"end":{"line":122,"column":null}},"32":{"start":{"line":121,"column":6},"end":{"line":121,"column":null}},"33":{"start":{"line":124,"column":20},"end":{"line":124,"column":null}},"34":{"start":{"line":124,"column":41},"end":{"line":124,"column":49}},"35":{"start":{"line":125,"column":4},"end":{"line":127,"column":null}},"36":{"start":{"line":126,"column":6},"end":{"line":126,"column":null}},"37":{"start":{"line":129,"column":18},"end":{"line":129,"column":20}},"38":{"start":{"line":130,"column":19},"end":{"line":130,"column":null}},"39":{"start":{"line":131,"column":4},"end":{"line":181,"column":null}},"40":{"start":{"line":132,"column":23},"end":{"line":132,"column":null}},"41":{"start":{"line":133,"column":6},"end":{"line":133,"column":null}},"42":{"start":{"line":134,"column":19},"end":{"line":143,"column":null}},"43":{"start":{"line":144,"column":6},"end":{"line":146,"column":null}},"44":{"start":{"line":145,"column":8},"end":{"line":145,"column":null}},"45":{"start":{"line":147,"column":6},"end":{"line":157,"column":null}},"46":{"start":{"line":154,"column":8},"end":{"line":155,"column":null}},"47":{"start":{"line":158,"column":20},"end":{"line":159,"column":null}},"48":{"start":{"line":161,"column":23},"end":{"line":161,"column":null}},"49":{"start":{"line":162,"column":6},"end":{"line":164,"column":null}},"50":{"start":{"line":163,"column":8},"end":{"line":163,"column":null}},"51":{"start":{"line":165,"column":20},"end":{"line":165,"column":58}},"52":{"start":{"line":166,"column":6},"end":{"line":166,"column":null}},"53":{"start":{"line":168,"column":8},"end":{"line":170,"column":null}},"54":{"start":{"line":171,"column":6},"end":{"line":180,"column":null}},"55":{"start":{"line":183,"column":27},"end":{"line":183,"column":null}},"56":{"start":{"line":184,"column":16},"end":{"line":184,"column":null}},"57":{"start":{"line":185,"column":4},"end":{"line":187,"column":null}},"58":{"start":{"line":186,"column":6},"end":{"line":186,"column":null}},"59":{"start":{"line":188,"column":22},"end":{"line":188,"column":75}},"60":{"start":{"line":190,"column":23},"end":{"line":190,"column":null}},"61":{"start":{"line":191,"column":16},"end":{"line":205,"column":null}},"62":{"start":{"line":208,"column":10},"end":{"line":208,"column":null}},"63":{"start":{"line":209,"column":4},"end":{"line":216,"column":null}},"64":{"start":{"line":217,"column":4},"end":{"line":217,"column":null}},"65":{"start":{"line":221,"column":4},"end":{"line":221,"column":null}},"66":{"start":{"line":225,"column":4},"end":{"line":225,"column":null}},"67":{"start":{"line":229,"column":4},"end":{"line":229,"column":null}},"68":{"start":{"line":233,"column":4},"end":{"line":233,"column":null}},"69":{"start":{"line":240,"column":17},"end":{"line":240,"column":null}},"70":{"start":{"line":241,"column":4},"end":{"line":245,"column":null}},"71":{"start":{"line":242,"column":6},"end":{"line":243,"column":null}},"72":{"start":{"line":246,"column":23},"end":{"line":252,"column":null}},"73":{"start":{"line":253,"column":4},"end":{"line":257,"column":null}},"74":{"start":{"line":254,"column":6},"end":{"line":255,"column":null}},"75":{"start":{"line":258,"column":4},"end":{"line":265,"column":null}},"76":{"start":{"line":266,"column":4},"end":{"line":273,"column":null}},"77":{"start":{"line":274,"column":4},"end":{"line":274,"column":null}},"78":{"start":{"line":278,"column":16},"end":{"line":278,"column":null}},"79":{"start":{"line":279,"column":4},"end":{"line":279,"column":null}},"80":{"start":{"line":279,"column":14},"end":{"line":279,"column":null}},"81":{"start":{"line":280,"column":4},"end":{"line":280,"column":null}},"82":{"start":{"line":285,"column":6},"end":{"line":288,"column":null}},"83":{"start":{"line":290,"column":6},"end":{"line":293,"column":null}},"84":{"start":{"line":294,"column":20},"end":{"line":296,"column":null}},"85":{"start":{"line":299,"column":4},"end":{"line":304,"column":null}},"86":{"start":{"line":299,"column":23},"end":{"line":299,"column":26}},"87":{"start":{"line":300,"column":18},"end":{"line":300,"column":null}},"88":{"start":{"line":301,"column":25},"end":{"line":301,"column":85}},"89":{"start":{"line":302,"column":20},"end":{"line":302,"column":null}},"90":{"start":{"line":303,"column":6},"end":{"line":303,"column":null}},"91":{"start":{"line":303,"column":18},"end":{"line":303,"column":null}},"92":{"start":{"line":305,"column":4},"end":{"line":305,"column":null}}},"fnMap":{"0":{"name":"_ts_decorate","decl":{"start":{"line":38,"column":0},"end":{"line":38,"column":null}},"loc":{"start":{"line":38,"column":0},"end":{"line":38,"column":null}},"line":38},"1":{"name":"constructor","decl":{"start":{"line":42,"column":2},"end":{"line":42,"column":null}},"loc":{"start":{"line":50,"column":4},"end":{"line":50,"column":null}},"line":50},"2":{"name":"onModuleInit","decl":{"start":{"line":52,"column":8},"end":{"line":52,"column":38}},"loc":{"start":{"line":52,"column":38},"end":{"line":59,"column":null}},"line":52},"3":{"name":"list","decl":{"start":{"line":61,"column":8},"end":{"line":61,"column":13}},"loc":{"start":{"line":61,"column":34},"end":{"line":99,"column":null}},"line":61},"4":{"name":"(anonymous_4)","decl":{"start":{"line":95,"column":15},"end":{"line":95,"column":16}},"loc":{"start":{"line":95,"column":16},"end":{"line":95,"column":null}},"line":95},"5":{"name":"getById","decl":{"start":{"line":101,"column":8},"end":{"line":101,"column":16}},"loc":{"start":{"line":101,"column":28},"end":{"line":103,"column":null}},"line":101},"6":{"name":"history","decl":{"start":{"line":105,"column":8},"end":{"line":105,"column":16}},"loc":{"start":{"line":105,"column":28},"end":{"line":117,"column":null}},"line":105},"7":{"name":"(anonymous_7)","decl":{"start":{"line":107,"column":28},"end":{"line":107,"column":29}},"loc":{"start":{"line":107,"column":36},"end":{"line":116,"column":null}},"line":107},"8":{"name":"create","decl":{"start":{"line":119,"column":8},"end":{"line":119,"column":15}},"loc":{"start":{"line":119,"column":58},"end":{"line":218,"column":null}},"line":119},"9":{"name":"(anonymous_9)","decl":{"start":{"line":124,"column":34},"end":{"line":124,"column":35}},"loc":{"start":{"line":124,"column":41},"end":{"line":124,"column":49}},"line":124},"10":{"name":"confirm","decl":{"start":{"line":220,"column":2},"end":{"line":220,"column":10}},"loc":{"start":{"line":220,"column":67},"end":{"line":222,"column":null}},"line":220},"11":{"name":"payment","decl":{"start":{"line":224,"column":2},"end":{"line":224,"column":10}},"loc":{"start":{"line":224,"column":66},"end":{"line":226,"column":null}},"line":224},"12":{"name":"complete","decl":{"start":{"line":228,"column":2},"end":{"line":228,"column":11}},"loc":{"start":{"line":228,"column":70},"end":{"line":230,"column":null}},"line":228},"13":{"name":"cancel","decl":{"start":{"line":232,"column":2},"end":{"line":232,"column":9}},"loc":{"start":{"line":232,"column":66},"end":{"line":234,"column":null}},"line":232},"14":{"name":"softDelete","decl":{"start":{"line":239,"column":8},"end":{"line":239,"column":19}},"loc":{"start":{"line":239,"column":54},"end":{"line":275,"column":null}},"line":239},"15":{"name":"requireLive","decl":{"start":{"line":277,"column":16},"end":{"line":277,"column":28}},"loc":{"start":{"line":277,"column":40},"end":{"line":281,"column":null}},"line":277},"16":{"name":"allocateNumber","decl":{"start":{"line":283,"column":16},"end":{"line":283,"column":50}},"loc":{"start":{"line":283,"column":50},"end":{"line":306,"column":null}},"line":283}},"branchMap":{"0":{"loc":{"start":{"line":70,"column":4},"end":{"line":75,"column":null}},"type":"if","locations":[{"start":{"line":70,"column":4},"end":{"line":75,"column":null}},{"start":{},"end":{}}],"line":70},"1":{"loc":{"start":{"line":71,"column":6},"end":{"line":73,"column":null}},"type":"if","locations":[{"start":{"line":71,"column":6},"end":{"line":73,"column":null}},{"start":{},"end":{}}],"line":71},"2":{"loc":{"start":{"line":76,"column":4},"end":{"line":76,"column":null}},"type":"if","locations":[{"start":{"line":76,"column":4},"end":{"line":76,"column":null}},{"start":{},"end":{}}],"line":76},"3":{"loc":{"start":{"line":77,"column":4},"end":{"line":79,"column":null}},"type":"if","locations":[{"start":{"line":77,"column":4},"end":{"line":79,"column":null}},{"start":{},"end":{}}],"line":77},"4":{"loc":{"start":{"line":81,"column":4},"end":{"line":87,"column":null}},"type":"if","locations":[{"start":{"line":81,"column":4},"end":{"line":87,"column":null}},{"start":{},"end":{}}],"line":81},"5":{"loc":{"start":{"line":120,"column":4},"end":{"line":122,"column":null}},"type":"if","locations":[{"start":{"line":120,"column":4},"end":{"line":122,"column":null}},{"start":{},"end":{}}],"line":120},"6":{"loc":{"start":{"line":125,"column":4},"end":{"line":127,"column":null}},"type":"if","locations":[{"start":{"line":125,"column":4},"end":{"line":127,"column":null}},{"start":{},"end":{}}],"line":125},"7":{"loc":{"start":{"line":132,"column":23},"end":{"line":132,"column":null}},"type":"binary-expr","locations":[{"start":{"line":132,"column":23},"end":{"line":132,"column":36}},{"start":{"line":132,"column":40},"end":{"line":132,"column":null}}],"line":132},"8":{"loc":{"start":{"line":144,"column":6},"end":{"line":146,"column":null}},"type":"if","locations":[{"start":{"line":144,"column":6},"end":{"line":146,"column":null}},{"start":{},"end":{}}],"line":144},"9":{"loc":{"start":{"line":147,"column":6},"end":{"line":157,"column":null}},"type":"if","locations":[{"start":{"line":147,"column":6},"end":{"line":157,"column":null}},{"start":{},"end":{}}],"line":147},"10":{"loc":{"start":{"line":159,"column":8},"end":{"line":159,"column":null}},"type":"binary-expr","locations":[{"start":{"line":159,"column":8},"end":{"line":159,"column":22}},{"start":{"line":159,"column":26},"end":{"line":159,"column":40}},{"start":{"line":159,"column":44},"end":{"line":159,"column":null}}],"line":159},"11":{"loc":{"start":{"line":161,"column":47},"end":{"line":161,"column":null}},"type":"binary-expr","locations":[{"start":{"line":161,"column":47},"end":{"line":161,"column":64}},{"start":{"line":161,"column":68},"end":{"line":161,"column":null}}],"line":161},"12":{"loc":{"start":{"line":162,"column":6},"end":{"line":164,"column":null}},"type":"if","locations":[{"start":{"line":162,"column":6},"end":{"line":164,"column":null}},{"start":{},"end":{}}],"line":162},"13":{"loc":{"start":{"line":168,"column":8},"end":{"line":170,"column":null}},"type":"binary-expr","locations":[{"start":{"line":168,"column":8},"end":{"line":168,"column":null}},{"start":{"line":169,"column":8},"end":{"line":169,"column":null}},{"start":{"line":170,"column":8},"end":{"line":170,"column":null}}],"line":168},"14":{"loc":{"start":{"line":179,"column":19},"end":{"line":179,"column":null}},"type":"binary-expr","locations":[{"start":{"line":179,"column":19},"end":{"line":179,"column":36}},{"start":{"line":179,"column":36},"end":{"line":179,"column":null}}],"line":179},"15":{"loc":{"start":{"line":183,"column":51},"end":{"line":183,"column":null}},"type":"binary-expr","locations":[{"start":{"line":183,"column":51},"end":{"line":183,"column":67}},{"start":{"line":183,"column":71},"end":{"line":183,"column":null}}],"line":183},"16":{"loc":{"start":{"line":184,"column":40},"end":{"line":184,"column":null}},"type":"binary-expr","locations":[{"start":{"line":184,"column":40},"end":{"line":184,"column":51}},{"start":{"line":184,"column":55},"end":{"line":184,"column":null}}],"line":184},"17":{"loc":{"start":{"line":185,"column":4},"end":{"line":187,"column":null}},"type":"if","locations":[{"start":{"line":185,"column":4},"end":{"line":187,"column":null}},{"start":{},"end":{}}],"line":185},"18":{"loc":{"start":{"line":194,"column":20},"end":{"line":194,"column":null}},"type":"binary-expr","locations":[{"start":{"line":194,"column":20},"end":{"line":194,"column":34}},{"start":{"line":194,"column":38},"end":{"line":194,"column":null}}],"line":194},"19":{"loc":{"start":{"line":200,"column":15},"end":{"line":200,"column":null}},"type":"binary-expr","locations":[{"start":{"line":200,"column":15},"end":{"line":200,"column":36}},{"start":{"line":200,"column":36},"end":{"line":200,"column":null}}],"line":200},"20":{"loc":{"start":{"line":201,"column":19},"end":{"line":201,"column":null}},"type":"binary-expr","locations":[{"start":{"line":201,"column":19},"end":{"line":201,"column":36}},{"start":{"line":201,"column":36},"end":{"line":201,"column":null}}],"line":201},"21":{"loc":{"start":{"line":202,"column":19},"end":{"line":202,"column":null}},"type":"binary-expr","locations":[{"start":{"line":202,"column":19},"end":{"line":202,"column":36}},{"start":{"line":202,"column":36},"end":{"line":202,"column":null}}],"line":202},"22":{"loc":{"start":{"line":241,"column":4},"end":{"line":245,"column":null}},"type":"if","locations":[{"start":{"line":241,"column":4},"end":{"line":245,"column":null}},{"start":{},"end":{}}],"line":241},"23":{"loc":{"start":{"line":253,"column":4},"end":{"line":257,"column":null}},"type":"if","locations":[{"start":{"line":253,"column":4},"end":{"line":257,"column":null}},{"start":{},"end":{}}],"line":253},"24":{"loc":{"start":{"line":262,"column":19},"end":{"line":262,"column":null}},"type":"binary-expr","locations":[{"start":{"line":262,"column":19},"end":{"line":262,"column":36}},{"start":{"line":262,"column":36},"end":{"line":262,"column":null}}],"line":262},"25":{"loc":{"start":{"line":263,"column":19},"end":{"line":263,"column":null}},"type":"binary-expr","locations":[{"start":{"line":263,"column":19},"end":{"line":263,"column":36}},{"start":{"line":263,"column":36},"end":{"line":263,"column":null}}],"line":263},"26":{"loc":{"start":{"line":279,"column":4},"end":{"line":279,"column":null}},"type":"if","locations":[{"start":{"line":279,"column":4},"end":{"line":279,"column":null}},{"start":{},"end":{}}],"line":279},"27":{"loc":{"start":{"line":285,"column":6},"end":{"line":288,"column":null}},"type":"binary-expr","locations":[{"start":{"line":285,"column":6},"end":{"line":287,"column":null}},{"start":{"line":288,"column":12},"end":{"line":288,"column":null}}],"line":285},"28":{"loc":{"start":{"line":290,"column":6},"end":{"line":293,"column":null}},"type":"binary-expr","locations":[{"start":{"line":290,"column":6},"end":{"line":292,"column":null}},{"start":{"line":293,"column":12},"end":{"line":293,"column":null}}],"line":290},"29":{"loc":{"start":{"line":303,"column":6},"end":{"line":303,"column":null}},"type":"if","locations":[{"start":{"line":303,"column":6},"end":{"line":303,"column":null}},{"start":{},"end":{}}],"line":303}},"s":{"0":13,"1":13,"2":13,"3":13,"4":13,"5":13,"6":13,"7":3,"8":3,"9":3,"10":5,"11":5,"12":5,"13":5,"14":2,"15":1,"16":1,"17":4,"18":1,"19":4,"20":1,"21":4,"22":4,"23":1,"24":4,"25":4,"26":9,"27":3,"28":2,"29":2,"30":3,"31":128,"32":1,"33":128,"34":129,"35":128,"36":1,"37":127,"38":127,"39":127,"40":127,"41":127,"42":127,"43":126,"44":1,"45":125,"46":2,"47":123,"48":127,"49":127,"50":1,"51":122,"52":122,"53":122,"54":127,"55":122,"56":128,"57":128,"58":1,"59":121,"60":121,"61":120,"62":120,"63":120,"64":120,"65":121,"66":4,"67":6,"68":8,"69":5,"70":5,"71":2,"72":3,"73":3,"74":1,"75":2,"76":2,"77":2,"78":10,"79":10,"80":1,"81":9,"82":121,"83":121,"84":121,"85":121,"86":121,"87":145,"88":145,"89":145,"90":145,"91":120,"92":1},"f":{"0":3,"1":13,"2":3,"3":5,"4":9,"5":3,"6":2,"7":3,"8":128,"9":129,"10":121,"11":4,"12":6,"13":8,"14":5,"15":10,"16":121},"b":{"0":[2,3],"1":[1,1],"2":[1,3],"3":[1,3],"4":[1,3],"5":[1,127],"6":[1,127],"7":[127,126],"8":[1,125],"9":[2,123],"10":[123,115,0],"11":[127,121],"12":[1,126],"13":[122,122,102],"14":[127,3],"15":[122,121],"16":[128,122],"17":[1,127],"18":[120,119],"19":[128,119],"20":[128,1],"21":[128,1],"22":[2,3],"23":[1,2],"24":[2,2],"25":[5,2],"26":[1,9],"27":[121,0],"28":[121,0],"29":[120,25]},"meta":{"lastBranch":30,"lastFunction":17,"lastStatement":93,"seen":{"f:38:0:38:Infinity":0,"f:42:2:42:Infinity":1,"s:43:21:43:42":0,"s:44:21:44:55":1,"s:45:21:45:48":2,"s:46:21:46:44":3,"s:47:21:47:46":4,"s:48:21:48:40":5,"s:49:21:49:45":6,"f:52:8:52:38":2,"s:53:19:53:Infinity":7,"s:54:4:54:Infinity":8,"s:55:4:58:Infinity":9,"f:61:8:61:13":3,"s:62:10:62:Infinity":10,"s:63:10:67:Infinity":11,"s:69:41:69:Infinity":12,"b:70:4:75:Infinity:undefined:undefined:undefined:undefined":0,"s:70:4:75:Infinity":13,"b:71:6:73:Infinity:undefined:undefined:undefined:undefined":1,"s:71:6:73:Infinity":14,"s:72:8:72:Infinity":15,"s:74:6:74:Infinity":16,"b:76:4:76:Infinity:undefined:undefined:undefined:undefined":2,"s:76:4:76:Infinity":17,"s:76:26:76:Infinity":18,"b:77:4:79:Infinity:undefined:undefined:undefined:undefined":3,"s:77:4:79:Infinity":19,"s:78:6:78:Infinity":20,"s:80:10:80:Infinity":21,"b:81:4:87:Infinity:undefined:undefined:undefined:undefined":4,"s:81:4:87:Infinity":22,"s:82:6:86:Infinity":23,"s:88:28:93:Infinity":24,"s:94:4:97:Infinity":25,"f:95:15:95:16":4,"s:95:16:95:Infinity":26,"f:101:8:101:16":5,"s:102:4:102:Infinity":27,"f:105:8:105:16":6,"s:106:17:106:Infinity":28,"s:107:4:116:Infinity":29,"f:107:28:107:29":7,"s:107:36:116:Infinity":30,"f:119:8:119:15":8,"b:120:4:122:Infinity:undefined:undefined:undefined:undefined":5,"s:120:4:122:Infinity":31,"s:121:6:121:Infinity":32,"s:124:20:124:Infinity":33,"f:124:34:124:35":9,"s:124:41:124:49":34,"b:125:4:127:Infinity:undefined:undefined:undefined:undefined":6,"s:125:4:127:Infinity":35,"s:126:6:126:Infinity":36,"s:129:18:129:20":37,"s:130:19:130:Infinity":38,"s:131:4:181:Infinity":39,"s:132:23:132:Infinity":40,"b:132:23:132:36:132:40:132:Infinity":7,"s:133:6:133:Infinity":41,"s:134:19:143:Infinity":42,"b:144:6:146:Infinity:undefined:undefined:undefined:undefined":8,"s:144:6:146:Infinity":43,"s:145:8:145:Infinity":44,"b:147:6:157:Infinity:undefined:undefined:undefined:undefined":9,"s:147:6:157:Infinity":45,"s:154:8:155:Infinity":46,"s:158:20:159:Infinity":47,"b:159:8:159:22:159:26:159:40:159:44:159:Infinity":10,"s:161:23:161:Infinity":48,"b:161:47:161:64:161:68:161:Infinity":11,"b:162:6:164:Infinity:undefined:undefined:undefined:undefined":12,"s:162:6:164:Infinity":49,"s:163:8:163:Infinity":50,"s:165:20:165:58":51,"s:166:6:166:Infinity":52,"s:168:8:170:Infinity":53,"b:168:8:168:Infinity:169:8:169:Infinity:170:8:170:Infinity":13,"s:171:6:180:Infinity":54,"b:179:19:179:36:179:36:179:Infinity":14,"s:183:27:183:Infinity":55,"b:183:51:183:67:183:71:183:Infinity":15,"s:184:16:184:Infinity":56,"b:184:40:184:51:184:55:184:Infinity":16,"b:185:4:187:Infinity:undefined:undefined:undefined:undefined":17,"s:185:4:187:Infinity":57,"s:186:6:186:Infinity":58,"s:188:22:188:75":59,"s:190:23:190:Infinity":60,"s:191:16:205:Infinity":61,"b:194:20:194:34:194:38:194:Infinity":18,"b:200:15:200:36:200:36:200:Infinity":19,"b:201:19:201:36:201:36:201:Infinity":20,"b:202:19:202:36:202:36:202:Infinity":21,"s:208:10:208:Infinity":62,"s:209:4:216:Infinity":63,"s:217:4:217:Infinity":64,"f:220:2:220:10":10,"s:221:4:221:Infinity":65,"f:224:2:224:10":11,"s:225:4:225:Infinity":66,"f:228:2:228:11":12,"s:229:4:229:Infinity":67,"f:232:2:232:9":13,"s:233:4:233:Infinity":68,"f:239:8:239:19":14,"s:240:17:240:Infinity":69,"b:241:4:245:Infinity:undefined:undefined:undefined:undefined":22,"s:241:4:245:Infinity":70,"s:242:6:243:Infinity":71,"s:246:23:252:Infinity":72,"b:253:4:257:Infinity:undefined:undefined:undefined:undefined":23,"s:253:4:257:Infinity":73,"s:254:6:255:Infinity":74,"s:258:4:265:Infinity":75,"b:262:19:262:36:262:36:262:Infinity":24,"b:263:19:263:36:263:36:263:Infinity":25,"s:266:4:273:Infinity":76,"s:274:4:274:Infinity":77,"f:277:16:277:28":15,"s:278:16:278:Infinity":78,"b:279:4:279:Infinity:undefined:undefined:undefined:undefined":26,"s:279:4:279:Infinity":79,"s:279:14:279:Infinity":80,"s:280:4:280:Infinity":81,"f:283:16:283:50":16,"s:285:6:288:Infinity":82,"b:285:6:287:Infinity:288:12:288:Infinity":27,"s:290:6:293:Infinity":83,"b:290:6:292:Infinity:293:12:293:Infinity":28,"s:294:20:296:Infinity":84,"s:299:4:304:Infinity":85,"s:299:23:299:26":86,"s:300:18:300:Infinity":87,"s:301:25:301:85":88,"s:302:20:302:Infinity":89,"b:303:6:303:Infinity:undefined:undefined:undefined:undefined":29,"s:303:6:303:Infinity":90,"s:303:18:303:Infinity":91,"s:305:4:305:Infinity":92},"fnNames":{}}}
}
