{"total": {"lines":{"total":390,"covered":379,"skipped":0,"pct":97.17},"statements":{"total":420,"covered":402,"skipped":0,"pct":95.71},"functions":{"total":151,"covered":151,"skipped":0,"pct":100},"branches":{"total":323,"covered":292,"skipped":0,"pct":90.4},"branchesTrue":{"total":0,"covered":0,"skipped":0,"pct":100}}
,"C:\\Users\\moham\\Desktop\\juman\\backend-node\\src\\inventory\\inventory.constants.ts": {"lines":{"total":16,"covered":16,"skipped":0,"pct":100},"functions":{"total":0,"covered":0,"skipped":0,"pct":100},"statements":{"total":16,"covered":16,"skipped":0,"pct":100},"branches":{"total":0,"covered":0,"skipped":0,"pct":100}}
,"C:\\Users\\moham\\Desktop\\juman\\backend-node\\src\\inventory\\inventory.types.ts": {"lines":{"total":0,"covered":0,"skipped":0,"pct":100},"functions":{"total":0,"covered":0,"skipped":0,"pct":100},"statements":{"total":0,"covered":0,"skipped":0,"pct":100},"branches":{"total":0,"covered":0,"skipped":0,"pct":100}}
,"C:\\Users\\moham\\Desktop\\juman\\backend-node\\src\\inventory\\taxonomy.ts": {"lines":{"total":99,"covered":92,"skipped":0,"pct":92.92},"functions":{"total":20,"covered":20,"skipped":0,"pct":100},"statements":{"total":105,"covered":96,"skipped":0,"pct":91.42},"branches":{"total":111,"covered":101,"skipped":0,"pct":90.99}}
,"C:\\Users\\moham\\Desktop\\juman\\backend-node\\src\\inventory\\brands\\brands.controller.ts": {"lines":{"total":7,"covered":7,"skipped":0,"pct":100},"functions":{"total":8,"covered":8,"skipped":0,"pct":100},"statements":{"total":7,"covered":7,"skipped":0,"pct":100},"branches":{"total":0,"covered":0,"skipped":0,"pct":100}}
,"C:\\Users\\moham\\Desktop\\juman\\backend-node\\src\\inventory\\brands\\brands.repository.ts": {"lines":{"total":1,"covered":1,"skipped":0,"pct":100},"functions":{"total":2,"covered":2,"skipped":0,"pct":100},"statements":{"total":1,"covered":1,"skipped":0,"pct":100},"branches":{"total":0,"covered":0,"skipped":0,"pct":100}}
,"C:\\Users\\moham\\Desktop\\juman\\backend-node\\src\\inventory\\brands\\brands.service.ts": {"lines":{"total":1,"covered":1,"skipped":0,"pct":100},"functions":{"total":2,"covered":2,"skipped":0,"pct":100},"statements":{"total":1,"covered":1,"skipped":0,"pct":100},"branches":{"total":0,"covered":0,"skipped":0,"pct":100}}
,"C:\\Users\\moham\\Desktop\\juman\\backend-node\\src\\inventory\\categories\\categories.controller.ts": {"lines":{"total":7,"covered":7,"skipped":0,"pct":100},"functions":{"total":8,"covered":8,"skipped":0,"pct":100},"statements":{"total":7,"covered":7,"skipped":0,"pct":100},"branches":{"total":0,"covered":0,"skipped":0,"pct":100}}
,"C:\\Users\\moham\\Desktop\\juman\\backend-node\\src\\inventory\\categories\\categories.repository.ts": {"lines":{"total":1,"covered":1,"skipped":0,"pct":100},"functions":{"total":2,"covered":2,"skipped":0,"pct":100},"statements":{"total":1,"covered":1,"skipped":0,"pct":100},"branches":{"total":0,"covered":0,"skipped":0,"pct":100}}
,"C:\\Users\\moham\\Desktop\\juman\\backend-node\\src\\inventory\\categories\\categories.service.ts": {"lines":{"total":1,"covered":1,"skipped":0,"pct":100},"functions":{"total":2,"covered":2,"skipped":0,"pct":100},"statements":{"total":1,"covered":1,"skipped":0,"pct":100},"branches":{"total":0,"covered":0,"skipped":0,"pct":100}}
,"C:\\Users\\moham\\Desktop\\juman\\backend-node\\src\\inventory\\colors\\colors.controller.ts": {"lines":{"total":7,"covered":7,"skipped":0,"pct":100},"functions":{"total":8,"covered":8,"skipped":0,"pct":100},"statements":{"total":7,"covered":7,"skipped":0,"pct":100},"branches":{"total":0,"covered":0,"skipped":0,"pct":100}}
,"C:\\Users\\moham\\Desktop\\juman\\backend-node\\src\\inventory\\colors\\colors.repository.ts": {"lines":{"total":1,"covered":1,"skipped":0,"pct":100},"functions":{"total":2,"covered":2,"skipped":0,"pct":100},"statements":{"total":1,"covered":1,"skipped":0,"pct":100},"branches":{"total":0,"covered":0,"skipped":0,"pct":100}}
,"C:\\Users\\moham\\Desktop\\juman\\backend-node\\src\\inventory\\colors\\colors.service.ts": {"lines":{"total":1,"covered":1,"skipped":0,"pct":100},"functions":{"total":2,"covered":2,"skipped":0,"pct":100},"statements":{"total":1,"covered":1,"skipped":0,"pct":100},"branches":{"total":0,"covered":0,"skipped":0,"pct":100}}
,"C:\\Users\\moham\\Desktop\\juman\\backend-node\\src\\inventory\\items\\items.controller.ts": {"lines":{"total":10,"covered":10,"skipped":0,"pct":100},"functions":{"total":11,"covered":11,"skipped":0,"pct":100},"statements":{"total":10,"covered":10,"skipped":0,"pct":100},"branches":{"total":0,"covered":0,"skipped":0,"pct":100}}
,"C:\\Users\\moham\\Desktop\\juman\\backend-node\\src\\inventory\\items\\items.mapper.ts": {"lines":{"total":4,"covered":4,"skipped":0,"pct":100},"functions":{"total":4,"covered":4,"skipped":0,"pct":100},"statements":{"total":4,"covered":4,"skipped":0,"pct":100},"branches":{"total":4,"covered":4,"skipped":0,"pct":100}}
,"C:\\Users\\moham\\Desktop\\juman\\backend-node\\src\\inventory\\items\\items.repository.ts": {"lines":{"total":25,"covered":25,"skipped":0,"pct":100},"functions":{"total":15,"covered":15,"skipped":0,"pct":100},"statements":{"total":25,"covered":25,"skipped":0,"pct":100},"branches":{"total":15,"covered":12,"skipped":0,"pct":80}}
,"C:\\Users\\moham\\Desktop\\juman\\backend-node\\src\\inventory\\items\\items.service.ts": {"lines":{"total":125,"covered":121,"skipped":0,"pct":96.8},"functions":{"total":21,"covered":21,"skipped":0,"pct":100},"statements":{"total":143,"covered":136,"skipped":0,"pct":95.1},"branches":{"total":114,"covered":103,"skipped":0,"pct":90.35}}
,"C:\\Users\\moham\\Desktop\\juman\\backend-node\\src\\inventory\\lifecycle\\lifecycle.controller.ts": {"lines":{"total":4,"covered":4,"skipped":0,"pct":100},"functions":{"total":5,"covered":5,"skipped":0,"pct":100},"statements":{"total":4,"covered":4,"skipped":0,"pct":100},"branches":{"total":0,"covered":0,"skipped":0,"pct":100}}
,"C:\\Users\\moham\\Desktop\\juman\\backend-node\\src\\inventory\\lifecycle\\lifecycle.repository.ts": {"lines":{"total":12,"covered":12,"skipped":0,"pct":100},"functions":{"total":8,"covered":8,"skipped":0,"pct":100},"statements":{"total":13,"covered":13,"skipped":0,"pct":100},"branches":{"total":2,"covered":2,"skipped":0,"pct":100}}
,"C:\\Users\\moham\\Desktop\\juman\\backend-node\\src\\inventory\\lifecycle\\lifecycle.rules.ts": {"lines":{"total":18,"covered":18,"skipped":0,"pct":100},"functions":{"total":8,"covered":8,"skipped":0,"pct":100},"statements":{"total":21,"covered":19,"skipped":0,"pct":90.47},"branches":{"total":30,"covered":28,"skipped":0,"pct":93.33}}
,"C:\\Users\\moham\\Desktop\\juman\\backend-node\\src\\inventory\\lifecycle\\lifecycle.service.ts": {"lines":{"total":41,"covered":41,"skipped":0,"pct":100},"functions":{"total":11,"covered":11,"skipped":0,"pct":100},"statements":{"total":43,"covered":43,"skipped":0,"pct":100},"branches":{"total":47,"covered":42,"skipped":0,"pct":89.36}}
,"C:\\Users\\moham\\Desktop\\juman\\backend-node\\src\\inventory\\sizes\\sizes.controller.ts": {"lines":{"total":7,"covered":7,"skipped":0,"pct":100},"functions":{"total":8,"covered":8,"skipped":0,"pct":100},"statements":{"total":7,"covered":7,"skipped":0,"pct":100},"branches":{"total":0,"covered":0,"skipped":0,"pct":100}}
,"C:\\Users\\moham\\Desktop\\juman\\backend-node\\src\\inventory\\sizes\\sizes.repository.ts": {"lines":{"total":1,"covered":1,"skipped":0,"pct":100},"functions":{"total":2,"covered":2,"skipped":0,"pct":100},"statements":{"total":1,"covered":1,"skipped":0,"pct":100},"branches":{"total":0,"covered":0,"skipped":0,"pct":100}}
,"C:\\Users\\moham\\Desktop\\juman\\backend-node\\src\\inventory\\sizes\\sizes.service.ts": {"lines":{"total":1,"covered":1,"skipped":0,"pct":100},"functions":{"total":2,"covered":2,"skipped":0,"pct":100},"statements":{"total":1,"covered":1,"skipped":0,"pct":100},"branches":{"total":0,"covered":0,"skipped":0,"pct":100}}
}
