{"total": {"lines":{"total":219,"covered":219,"skipped":0,"pct":100},"statements":{"total":240,"covered":240,"skipped":0,"pct":100},"functions":{"total":53,"covered":53,"skipped":0,"pct":100},"branches":{"total":161,"covered":149,"skipped":0,"pct":92.54},"branchesTrue":{"total":0,"covered":0,"skipped":0,"pct":"Unknown"}}
,"C:\\Users\\moham\\Desktop\\juman\\backend-node\\src\\barcode\\barcode.constants.ts": {"lines":{"total":7,"covered":7,"skipped":0,"pct":100},"functions":{"total":0,"covered":0,"skipped":0,"pct":100},"statements":{"total":7,"covered":7,"skipped":0,"pct":100},"branches":{"total":0,"covered":0,"skipped":0,"pct":100}}
,"C:\\Users\\moham\\Desktop\\juman\\backend-node\\src\\barcode\\barcode.controller.ts": {"lines":{"total":10,"covered":10,"skipped":0,"pct":100},"functions":{"total":9,"covered":9,"skipped":0,"pct":100},"statements":{"total":10,"covered":10,"skipped":0,"pct":100},"branches":{"total":0,"covered":0,"skipped":0,"pct":100}}
,"C:\\Users\\moham\\Desktop\\juman\\backend-node\\src\\barcode\\barcode.mapper.ts": {"lines":{"total":1,"covered":1,"skipped":0,"pct":100},"functions":{"total":1,"covered":1,"skipped":0,"pct":100},"statements":{"total":1,"covered":1,"skipped":0,"pct":100},"branches":{"total":0,"covered":0,"skipped":0,"pct":100}}
,"C:\\Users\\moham\\Desktop\\juman\\backend-node\\src\\barcode\\barcode.normalize.ts": {"lines":{"total":7,"covered":7,"skipped":0,"pct":100},"functions":{"total":1,"covered":1,"skipped":0,"pct":100},"statements":{"total":7,"covered":7,"skipped":0,"pct":100},"branches":{"total":8,"covered":8,"skipped":0,"pct":100}}
,"C:\\Users\\moham\\Desktop\\juman\\backend-node\\src\\barcode\\barcode.repository.ts": {"lines":{"total":21,"covered":21,"skipped":0,"pct":100},"functions":{"total":12,"covered":12,"skipped":0,"pct":100},"statements":{"total":22,"covered":22,"skipped":0,"pct":100},"branches":{"total":6,"covered":6,"skipped":0,"pct":100}}
,"C:\\Users\\moham\\Desktop\\juman\\backend-node\\src\\barcode\\barcode.service.ts": {"lines":{"total":138,"covered":138,"skipped":0,"pct":100},"functions":{"total":26,"covered":26,"skipped":0,"pct":100},"statements":{"total":150,"covered":150,"skipped":0,"pct":100},"branches":{"total":112,"covered":100,"skipped":0,"pct":89.28}}
,"C:\\Users\\moham\\Desktop\\juman\\backend-node\\src\\barcode\\barcode.symbology.ts": {"lines":{"total":35,"covered":35,"skipped":0,"pct":100},"functions":{"total":4,"covered":4,"skipped":0,"pct":100},"statements":{"total":43,"covered":43,"skipped":0,"pct":100},"branches":{"total":35,"covered":35,"skipped":0,"pct":100}}
,"C:\\Users\\moham\\Desktop\\juman\\backend-node\\src\\barcode\\barcode.types.ts": {"lines":{"total":0,"covered":0,"skipped":0,"pct":100},"functions":{"total":0,"covered":0,"skipped":0,"pct":100},"statements":{"total":0,"covered":0,"skipped":0,"pct":100},"branches":{"total":0,"covered":0,"skipped":0,"pct":100}}
}
