{"total": {"lines":{"total":794,"covered":773,"skipped":0,"pct":97.35},"statements":{"total":850,"covered":811,"skipped":0,"pct":95.41},"functions":{"total":192,"covered":192,"skipped":0,"pct":100},"branches":{"total":691,"covered":601,"skipped":0,"pct":86.97},"branchesTrue":{"total":0,"covered":0,"skipped":0,"pct":100}}
,"C:\\Users\\moham\\Desktop\\juman\\backend-node\\src\\finance\\finance.constants.ts": {"lines":{"total":27,"covered":27,"skipped":0,"pct":100},"functions":{"total":1,"covered":1,"skipped":0,"pct":100},"statements":{"total":27,"covered":27,"skipped":0,"pct":100},"branches":{"total":8,"covered":8,"skipped":0,"pct":100}}
,"C:\\Users\\moham\\Desktop\\juman\\backend-node\\src\\finance\\finance.controller.ts": {"lines":{"total":6,"covered":6,"skipped":0,"pct":100},"functions":{"total":7,"covered":7,"skipped":0,"pct":100},"statements":{"total":6,"covered":6,"skipped":0,"pct":100},"branches":{"total":0,"covered":0,"skipped":0,"pct":100}}
,"C:\\Users\\moham\\Desktop\\juman\\backend-node\\src\\finance\\finance.mapper.ts": {"lines":{"total":9,"covered":9,"skipped":0,"pct":100},"functions":{"total":5,"covered":5,"skipped":0,"pct":100},"statements":{"total":10,"covered":10,"skipped":0,"pct":100},"branches":{"total":8,"covered":8,"skipped":0,"pct":100}}
,"C:\\Users\\moham\\Desktop\\juman\\backend-node\\src\\finance\\finance.repository.ts": {"lines":{"total":40,"covered":40,"skipped":0,"pct":100},"functions":{"total":24,"covered":24,"skipped":0,"pct":100},"statements":{"total":43,"covered":43,"skipped":0,"pct":100},"branches":{"total":21,"covered":20,"skipped":0,"pct":95.23}}
,"C:\\Users\\moham\\Desktop\\juman\\backend-node\\src\\finance\\finance.service.ts": {"lines":{"total":187,"covered":178,"skipped":0,"pct":95.18},"functions":{"total":35,"covered":35,"skipped":0,"pct":100},"statements":{"total":203,"covered":187,"skipped":0,"pct":92.11},"branches":{"total":174,"covered":150,"skipped":0,"pct":86.2}}
,"C:\\Users\\moham\\Desktop\\juman\\backend-node\\src\\finance\\idempotency\\idempotency.ts": {"lines":{"total":17,"covered":17,"skipped":0,"pct":100},"functions":{"total":3,"covered":3,"skipped":0,"pct":100},"statements":{"total":17,"covered":17,"skipped":0,"pct":100},"branches":{"total":20,"covered":20,"skipped":0,"pct":100}}
,"C:\\Users\\moham\\Desktop\\juman\\backend-node\\src\\finance\\money\\money.value.ts": {"lines":{"total":19,"covered":18,"skipped":0,"pct":94.73},"functions":{"total":14,"covered":14,"skipped":0,"pct":100},"statements":{"total":19,"covered":18,"skipped":0,"pct":94.73},"branches":{"total":4,"covered":3,"skipped":0,"pct":75}}
,"C:\\Users\\moham\\Desktop\\juman\\backend-node\\src\\finance\\settlement\\rental-cancel.policy.ts": {"lines":{"total":13,"covered":13,"skipped":0,"pct":100},"functions":{"total":1,"covered":1,"skipped":0,"pct":100},"statements":{"total":14,"covered":14,"skipped":0,"pct":100},"branches":{"total":21,"covered":21,"skipped":0,"pct":100}}
,"C:\\Users\\moham\\Desktop\\juman\\backend-node\\src\\finance\\settlement\\settlement-modifier.service.ts": {"lines":{"total":161,"covered":157,"skipped":0,"pct":97.51},"functions":{"total":20,"covered":20,"skipped":0,"pct":100},"statements":{"total":176,"covered":163,"skipped":0,"pct":92.61},"branches":{"total":160,"covered":124,"skipped":0,"pct":77.5}}
,"C:\\Users\\moham\\Desktop\\juman\\backend-node\\src\\finance\\settlement\\settlement.constants.ts": {"lines":{"total":18,"covered":18,"skipped":0,"pct":100},"functions":{"total":0,"covered":0,"skipped":0,"pct":100},"statements":{"total":18,"covered":18,"skipped":0,"pct":100},"branches":{"total":0,"covered":0,"skipped":0,"pct":100}}
,"C:\\Users\\moham\\Desktop\\juman\\backend-node\\src\\finance\\settlement\\settlement.controller.ts": {"lines":{"total":10,"covered":10,"skipped":0,"pct":100},"functions":{"total":11,"covered":11,"skipped":0,"pct":100},"statements":{"total":10,"covered":10,"skipped":0,"pct":100},"branches":{"total":0,"covered":0,"skipped":0,"pct":100}}
,"C:\\Users\\moham\\Desktop\\juman\\backend-node\\src\\finance\\settlement\\settlement.formula.ts": {"lines":{"total":48,"covered":48,"skipped":0,"pct":100},"functions":{"total":9,"covered":9,"skipped":0,"pct":100},"statements":{"total":52,"covered":52,"skipped":0,"pct":100},"branches":{"total":31,"covered":29,"skipped":0,"pct":93.54}}
,"C:\\Users\\moham\\Desktop\\juman\\backend-node\\src\\finance\\settlement\\settlement.integrity.ts": {"lines":{"total":30,"covered":27,"skipped":0,"pct":90},"functions":{"total":9,"covered":9,"skipped":0,"pct":100},"statements":{"total":30,"covered":27,"skipped":0,"pct":90},"branches":{"total":51,"covered":48,"skipped":0,"pct":94.11}}
,"C:\\Users\\moham\\Desktop\\juman\\backend-node\\src\\finance\\settlement\\settlement.mapper.ts": {"lines":{"total":7,"covered":7,"skipped":0,"pct":100},"functions":{"total":7,"covered":7,"skipped":0,"pct":100},"statements":{"total":7,"covered":7,"skipped":0,"pct":100},"branches":{"total":12,"covered":6,"skipped":0,"pct":50}}
,"C:\\Users\\moham\\Desktop\\juman\\backend-node\\src\\finance\\settlement\\settlement.repository.ts": {"lines":{"total":33,"covered":33,"skipped":0,"pct":100},"functions":{"total":14,"covered":14,"skipped":0,"pct":100},"statements":{"total":37,"covered":36,"skipped":0,"pct":97.29},"branches":{"total":49,"covered":42,"skipped":0,"pct":85.71}}
,"C:\\Users\\moham\\Desktop\\juman\\backend-node\\src\\finance\\settlement\\settlement.rules.ts": {"lines":{"total":9,"covered":9,"skipped":0,"pct":100},"functions":{"total":7,"covered":7,"skipped":0,"pct":100},"statements":{"total":11,"covered":11,"skipped":0,"pct":100},"branches":{"total":8,"covered":8,"skipped":0,"pct":100}}
,"C:\\Users\\moham\\Desktop\\juman\\backend-node\\src\\finance\\settlement\\settlement.service.ts": {"lines":{"total":160,"covered":156,"skipped":0,"pct":97.5},"functions":{"total":25,"covered":25,"skipped":0,"pct":100},"statements":{"total":170,"covered":165,"skipped":0,"pct":97.05},"branches":{"total":124,"covered":114,"skipped":0,"pct":91.93}}
}
