{"total": {"lines":{"total":235,"covered":229,"skipped":0,"pct":97.44},"statements":{"total":245,"covered":239,"skipped":0,"pct":97.55},"functions":{"total":65,"covered":65,"skipped":0,"pct":100},"branches":{"total":205,"covered":179,"skipped":0,"pct":87.31},"branchesTrue":{"total":0,"covered":0,"skipped":0,"pct":"Unknown"}}
,"C:\\Users\\moham\\Desktop\\juman\\backend-node\\src\\rentals\\rentals.constants.ts": {"lines":{"total":14,"covered":14,"skipped":0,"pct":100},"functions":{"total":0,"covered":0,"skipped":0,"pct":100},"statements":{"total":14,"covered":14,"skipped":0,"pct":100},"branches":{"total":0,"covered":0,"skipped":0,"pct":100}}
,"C:\\Users\\moham\\Desktop\\juman\\backend-node\\src\\rentals\\rentals.controller.ts": {"lines":{"total":7,"covered":7,"skipped":0,"pct":100},"functions":{"total":8,"covered":8,"skipped":0,"pct":100},"statements":{"total":7,"covered":7,"skipped":0,"pct":100},"branches":{"total":0,"covered":0,"skipped":0,"pct":100}}
,"C:\\Users\\moham\\Desktop\\juman\\backend-node\\src\\rentals\\rentals.mapper.ts": {"lines":{"total":3,"covered":3,"skipped":0,"pct":100},"functions":{"total":3,"covered":3,"skipped":0,"pct":100},"statements":{"total":3,"covered":3,"skipped":0,"pct":100},"branches":{"total":4,"covered":4,"skipped":0,"pct":100}}
,"C:\\Users\\moham\\Desktop\\juman\\backend-node\\src\\rentals\\rentals.repository.ts": {"lines":{"total":30,"covered":30,"skipped":0,"pct":100},"functions":{"total":17,"covered":17,"skipped":0,"pct":100},"statements":{"total":33,"covered":33,"skipped":0,"pct":100},"branches":{"total":37,"covered":31,"skipped":0,"pct":83.78}}
,"C:\\Users\\moham\\Desktop\\juman\\backend-node\\src\\rentals\\rentals.rules.ts": {"lines":{"total":8,"covered":8,"skipped":0,"pct":100},"functions":{"total":7,"covered":7,"skipped":0,"pct":100},"statements":{"total":8,"covered":8,"skipped":0,"pct":100},"branches":{"total":9,"covered":9,"skipped":0,"pct":100}}
,"C:\\Users\\moham\\Desktop\\juman\\backend-node\\src\\rentals\\rentals.service.ts": {"lines":{"total":173,"covered":167,"skipped":0,"pct":96.53},"functions":{"total":30,"covered":30,"skipped":0,"pct":100},"statements":{"total":180,"covered":174,"skipped":0,"pct":96.66},"branches":{"total":155,"covered":135,"skipped":0,"pct":87.09}}
}
