{"total": {"lines":{"total":231,"covered":227,"skipped":0,"pct":98.26},"statements":{"total":242,"covered":238,"skipped":0,"pct":98.34},"functions":{"total":70,"covered":69,"skipped":0,"pct":98.57},"branches":{"total":180,"covered":162,"skipped":0,"pct":90},"branchesTrue":{"total":0,"covered":0,"skipped":0,"pct":100}}
,"C:\\Users\\moham\\Desktop\\juman\\backend-node\\src\\availability\\availability.service.ts": {"lines":{"total":35,"covered":35,"skipped":0,"pct":100},"functions":{"total":10,"covered":10,"skipped":0,"pct":100},"statements":{"total":36,"covered":36,"skipped":0,"pct":100},"branches":{"total":16,"covered":15,"skipped":0,"pct":93.75}}
,"C:\\Users\\moham\\Desktop\\juman\\backend-node\\src\\availability\\availability.types.ts": {"lines":{"total":1,"covered":1,"skipped":0,"pct":100},"functions":{"total":1,"covered":1,"skipped":0,"pct":100},"statements":{"total":1,"covered":1,"skipped":0,"pct":100},"branches":{"total":2,"covered":2,"skipped":0,"pct":100}}
,"C:\\Users\\moham\\Desktop\\juman\\backend-node\\src\\reservations\\reservations.constants.ts": {"lines":{"total":12,"covered":12,"skipped":0,"pct":100},"functions":{"total":0,"covered":0,"skipped":0,"pct":100},"statements":{"total":12,"covered":12,"skipped":0,"pct":100},"branches":{"total":0,"covered":0,"skipped":0,"pct":100}}
,"C:\\Users\\moham\\Desktop\\juman\\backend-node\\src\\reservations\\reservations.controller.ts": {"lines":{"total":7,"covered":7,"skipped":0,"pct":100},"functions":{"total":8,"covered":8,"skipped":0,"pct":100},"statements":{"total":7,"covered":7,"skipped":0,"pct":100},"branches":{"total":0,"covered":0,"skipped":0,"pct":100}}
,"C:\\Users\\moham\\Desktop\\juman\\backend-node\\src\\reservations\\reservations.mapper.ts": {"lines":{"total":3,"covered":3,"skipped":0,"pct":100},"functions":{"total":3,"covered":3,"skipped":0,"pct":100},"statements":{"total":3,"covered":3,"skipped":0,"pct":100},"branches":{"total":6,"covered":5,"skipped":0,"pct":83.33}}
,"C:\\Users\\moham\\Desktop\\juman\\backend-node\\src\\reservations\\reservations.repository.ts": {"lines":{"total":30,"covered":28,"skipped":0,"pct":93.33},"functions":{"total":16,"covered":15,"skipped":0,"pct":93.75},"statements":{"total":33,"covered":31,"skipped":0,"pct":93.93},"branches":{"total":39,"covered":32,"skipped":0,"pct":82.05}}
,"C:\\Users\\moham\\Desktop\\juman\\backend-node\\src\\reservations\\reservations.rules.ts": {"lines":{"total":5,"covered":5,"skipped":0,"pct":100},"functions":{"total":5,"covered":5,"skipped":0,"pct":100},"statements":{"total":5,"covered":5,"skipped":0,"pct":100},"branches":{"total":4,"covered":4,"skipped":0,"pct":100}}
,"C:\\Users\\moham\\Desktop\\juman\\backend-node\\src\\reservations\\reservations.service.ts": {"lines":{"total":138,"covered":136,"skipped":0,"pct":98.55},"functions":{"total":27,"covered":27,"skipped":0,"pct":100},"statements":{"total":145,"covered":143,"skipped":0,"pct":98.62},"branches":{"total":113,"covered":104,"skipped":0,"pct":92.03}}
}
