{"total": {"lines":{"total":307,"covered":300,"skipped":0,"pct":97.71},"statements":{"total":342,"covered":327,"skipped":0,"pct":95.61},"functions":{"total":83,"covered":83,"skipped":0,"pct":100},"branches":{"total":273,"covered":245,"skipped":0,"pct":89.74},"branchesTrue":{"total":0,"covered":0,"skipped":0,"pct":100}}
,"C:\\Users\\moham\\Desktop\\juman\\backend-node\\src\\media\\media.checksum.ts": {"lines":{"total":2,"covered":2,"skipped":0,"pct":100},"functions":{"total":2,"covered":2,"skipped":0,"pct":100},"statements":{"total":2,"covered":2,"skipped":0,"pct":100},"branches":{"total":0,"covered":0,"skipped":0,"pct":100}}
,"C:\\Users\\moham\\Desktop\\juman\\backend-node\\src\\media\\media.constants.ts": {"lines":{"total":12,"covered":12,"skipped":0,"pct":100},"functions":{"total":0,"covered":0,"skipped":0,"pct":100},"statements":{"total":12,"covered":12,"skipped":0,"pct":100},"branches":{"total":0,"covered":0,"skipped":0,"pct":100}}
,"C:\\Users\\moham\\Desktop\\juman\\backend-node\\src\\media\\media.image-meta.ts": {"lines":{"total":57,"covered":56,"skipped":0,"pct":98.24},"functions":{"total":10,"covered":10,"skipped":0,"pct":100},"statements":{"total":73,"covered":65,"skipped":0,"pct":89.04},"branches":{"total":76,"covered":65,"skipped":0,"pct":85.52}}
,"C:\\Users\\moham\\Desktop\\juman\\backend-node\\src\\media\\media.mapper.ts": {"lines":{"total":1,"covered":1,"skipped":0,"pct":100},"functions":{"total":1,"covered":1,"skipped":0,"pct":100},"statements":{"total":1,"covered":1,"skipped":0,"pct":100},"branches":{"total":0,"covered":0,"skipped":0,"pct":100}}
,"C:\\Users\\moham\\Desktop\\juman\\backend-node\\src\\media\\media.repository.ts": {"lines":{"total":15,"covered":15,"skipped":0,"pct":100},"functions":{"total":13,"covered":13,"skipped":0,"pct":100},"statements":{"total":15,"covered":15,"skipped":0,"pct":100},"branches":{"total":6,"covered":4,"skipped":0,"pct":66.66}}
,"C:\\Users\\moham\\Desktop\\juman\\backend-node\\src\\media\\media.service.ts": {"lines":{"total":118,"covered":117,"skipped":0,"pct":99.15},"functions":{"total":33,"covered":33,"skipped":0,"pct":100},"statements":{"total":131,"covered":130,"skipped":0,"pct":99.23},"branches":{"total":87,"covered":83,"skipped":0,"pct":95.4}}
,"C:\\Users\\moham\\Desktop\\juman\\backend-node\\src\\media\\media.types.ts": {"lines":{"total":0,"covered":0,"skipped":0,"pct":100},"functions":{"total":0,"covered":0,"skipped":0,"pct":100},"statements":{"total":0,"covered":0,"skipped":0,"pct":100},"branches":{"total":0,"covered":0,"skipped":0,"pct":100}}
,"C:\\Users\\moham\\Desktop\\juman\\backend-node\\src\\media\\media.validation.ts": {"lines":{"total":56,"covered":54,"skipped":0,"pct":96.42},"functions":{"total":9,"covered":9,"skipped":0,"pct":100},"statements":{"total":60,"covered":57,"skipped":0,"pct":95},"branches":{"total":70,"covered":65,"skipped":0,"pct":92.85}}
,"C:\\Users\\moham\\Desktop\\juman\\backend-node\\src\\media\\providers\\local-storage.provider.ts": {"lines":{"total":46,"covered":43,"skipped":0,"pct":93.47},"functions":{"total":15,"covered":15,"skipped":0,"pct":100},"statements":{"total":48,"covered":45,"skipped":0,"pct":93.75},"branches":{"total":34,"covered":28,"skipped":0,"pct":82.35}}
}
